<?xml version="1.0" encoding="UTF-8"?>
<!-- Generated by org.testng.reporters.JUnitXMLReporter -->
<testsuite ignored="0" hostname="ritikajain" failures="2" tests="8" name="Test" time="103.736" errors="0" timestamp="04 Jul 2021 14:00:58 GMT">
  <testcase classname="com.redbus.tests.HomePageFunctionalityTest" name="Help" time="12.13"/>
  <testcase classname="com.redbus.tests.HomePageFunctionalityTest" name="amazonOffer" time="7.802"/>
  <testcase classname="com.redbus.tests.HomePageFunctionalityTest" name="cancelMyTicket" time="6.351"/>
  <testcase classname="com.redbus.tests.HomePageFunctionalityTest" name="journeyForDreams" time="2.653">
    <failure type="java.lang.AssertionError" message="expected [Offers: Bus Offers, Hotel Discounts &amp;amp; Coupon Codes - redBus] but found [redBus Cares - Supporting Bus drivers and helpers]">
      <![CDATA[java.lang.AssertionError: expected [Offers: Bus Offers, Hotel Discounts & Coupon Codes - redBus] but found [redBus Cares - Supporting Bus drivers and helpers]
at com.redbus.tests.HomePageFunctionalityTest.journeyForDreams(HomePageFunctionalityTest.java:83)
at java.base/java.util.concurrent.FutureTask.run(FutureTask.java:264)
at java.base/java.util.concurrent.ThreadPoolExecutor.runWorker(ThreadPoolExecutor.java:1130)
at java.base/java.util.concurrent.ThreadPoolExecutor$Worker.run(ThreadPoolExecutor.java:630)
at java.base/java.lang.Thread.run(Thread.java:832)
... Removed 22 stack frames]]>
    </failure>
  </testcase> <!-- journeyForDreams -->
  <testcase classname="com.redbus.tests.HomePageFunctionalityTest" name="redbusCares" time="10.163">
    <failure type="org.openqa.selenium.NoSuchElementException" message="no such element: Unable to locate element: {&amp;quot;method&amp;quot;:&amp;quot;xpath&amp;quot;,&amp;quot;selector&amp;quot;:&amp;quot;//body/section[@id=&amp;apos;rh_main&amp;apos;]/div[@id=&amp;apos;mBWrapper&amp;apos;]/main[1]/div[1]/div[1]/div[1]/div[4]/div[2]/ul[1]/li[3]/span[1]/span[2]/img[1]&amp;quot;}
  (Session info: headless chrome=91.0.4472.77)
For documentation on this error, please visit: https://www.seleniumhq.org/exceptions/no_such_element.html
Build info: version: &amp;apos;3.141.59&amp;apos;, revision: &amp;apos;e82be7d358&amp;apos;, time: &amp;apos;2018-11-14T08:17:03&amp;apos;
System info: host: &amp;apos;RITIKAJAIN&amp;apos;, ip: &amp;apos;172.24.176.1&amp;apos;, os.name: &amp;apos;Windows 10&amp;apos;, os.arch: &amp;apos;amd64&amp;apos;, os.version: &amp;apos;10.0&amp;apos;, java.version: &amp;apos;15.0.2&amp;apos;
Driver info: org.openqa.selenium.remote.RemoteWebDriver
Capabilities {acceptInsecureCerts: false, browserName: chrome, browserVersion: 91.0.4472.77, chrome: {chromedriverVersion: 91.0.4472.19 (1bf021f248676..., userDataDir: /tmp/.com.google.Chrome.vZMg8J}, goog:chromeOptions: {debuggerAddress: localhost:40835}, javascriptEnabled: true, networkConnectionEnabled: false, pageLoadStrategy: normal, platform: LINUX, platformName: LINUX, proxy: Proxy(), setWindowRect: true, strictFileInteractability: false, timeouts: {implicit: 0, pageLoad: 300000, script: 30000}, unhandledPromptBehavior: dismiss and notify, webauthn:extension:largeBlob: true, webauthn:virtualAuthenticators: true, webdriver.remote.sessionid: 7af3ebe3969e2cb0f259c2a8e89...}
Session ID: 7af3ebe3969e2cb0f259c2a8e8956b07
*** Element info: {Using=xpath, value=//body/section[@id=&amp;apos;rh_main&amp;apos;]/div[@id=&amp;apos;mBWrapper&amp;apos;]/main[1]/div[1]/div[1]/div[1]/div[4]/div[2]/ul[1]/li[3]/span[1]/span[2]/img[1]}">
      <![CDATA[org.openqa.selenium.NoSuchElementException: no such element: Unable to locate element: {"method":"xpath","selector":"//body/section[@id='rh_main']/div[@id='mBWrapper']/main[1]/div[1]/div[1]/div[1]/div[4]/div[2]/ul[1]/li[3]/span[1]/span[2]/img[1]"}
  (Session info: headless chrome=91.0.4472.77)
For documentation on this error, please visit: https://www.seleniumhq.org/exceptions/no_such_element.html
Build info: version: '3.141.59', revision: 'e82be7d358', time: '2018-11-14T08:17:03'
System info: host: 'RITIKAJAIN', ip: '172.24.176.1', os.name: 'Windows 10', os.arch: 'amd64', os.version: '10.0', java.version: '15.0.2'
Driver info: org.openqa.selenium.remote.RemoteWebDriver
Capabilities {acceptInsecureCerts: false, browserName: chrome, browserVersion: 91.0.4472.77, chrome: {chromedriverVersion: 91.0.4472.19 (1bf021f248676..., userDataDir: /tmp/.com.google.Chrome.vZMg8J}, goog:chromeOptions: {debuggerAddress: localhost:40835}, javascriptEnabled: true, networkConnectionEnabled: false, pageLoadStrategy: normal, platform: LINUX, platformName: LINUX, proxy: Proxy(), setWindowRect: true, strictFileInteractability: false, timeouts: {implicit: 0, pageLoad: 300000, script: 30000}, unhandledPromptBehavior: dismiss and notify, webauthn:extension:largeBlob: true, webauthn:virtualAuthenticators: true, webdriver.remote.sessionid: 7af3ebe3969e2cb0f259c2a8e89...}
Session ID: 7af3ebe3969e2cb0f259c2a8e8956b07
*** Element info: {Using=xpath, value=//body/section[@id='rh_main']/div[@id='mBWrapper']/main[1]/div[1]/div[1]/div[1]/div[4]/div[2]/ul[1]/li[3]/span[1]/span[2]/img[1]}
at org.openqa.selenium.remote.http.W3CHttpResponseCodec.createException(W3CHttpResponseCodec.java:187)
at org.openqa.selenium.remote.http.W3CHttpResponseCodec.decode(W3CHttpResponseCodec.java:122)
at org.openqa.selenium.remote.http.W3CHttpResponseCodec.decode(W3CHttpResponseCodec.java:49)
at org.openqa.selenium.remote.HttpCommandExecutor.execute(HttpCommandExecutor.java:158)
at org.openqa.selenium.remote.RemoteWebDriver.execute(RemoteWebDriver.java:552)
at org.openqa.selenium.remote.RemoteWebDriver.findElement(RemoteWebDriver.java:323)
at org.openqa.selenium.remote.RemoteWebDriver.findElementByXPath(RemoteWebDriver.java:428)
at org.openqa.selenium.By$ByXPath.findElement(By.java:353)
at org.openqa.selenium.remote.RemoteWebDriver.findElement(RemoteWebDriver.java:315)
at org.openqa.selenium.support.pagefactory.DefaultElementLocator.findElement(DefaultElementLocator.java:69)
at org.openqa.selenium.support.pagefactory.internal.LocatingElementHandler.invoke(LocatingElementHandler.java:38)
at com.sun.proxy.$Proxy15.click(Unknown Source)
at com.redbus.pages.HomePageFunctionality.redbuscares_click(HomePageFunctionality.java:112)
at com.redbus.tests.HomePageFunctionalityTest.redbusCares(HomePageFunctionalityTest.java:61)
at java.base/java.util.concurrent.FutureTask.run(FutureTask.java:264)
at java.base/java.util.concurrent.ThreadPoolExecutor.runWorker(ThreadPoolExecutor.java:1130)
at java.base/java.util.concurrent.ThreadPoolExecutor$Worker.run(ThreadPoolExecutor.java:630)
at java.base/java.lang.Thread.run(Thread.java:832)
... Removed 21 stack frames]]>
    </failure>
  </testcase> <!-- redbusCares -->
  <testcase classname="com.redbus.tests.HomePageFunctionalityTest" name="searchBuses" time="6.884"/>
  <testcase classname="com.redbus.tests.HomePageFunctionalityTest" name="showMyTicket" time="6.603"/>
  <testcase classname="com.redbus.tests.HomePageFunctionalityTest" name="sitelogoText" time="0.296"/>
</testsuite> <!-- Test -->
