<!DOCTYPE html PUBLIC "-//W3C//DTD XHTML 1.1//EN" "http://www.w3.org/TR/xhtml11/DTD/xhtml11.dtd">
<html xmlns="http://www.w3.org/1999/xhtml">
<head>
<meta http-equiv="content-type" content="text/html; charset=UTF-8"/>
<title>TestNG Report</title>
<style type="text/css">table {margin-bottom:10px;border-collapse:collapse;empty-cells:show}th,td {border:1px solid #009;padding:.25em .5em}th {vertical-align:bottom}td {vertical-align:top}table a {font-weight:bold}.stripe td {background-color: #E6EBF9}.num {text-align:right}.passedodd td {background-color: #3F3}.passedeven td {background-color: #0A0}.skippedodd td {background-color: #DDD}.skippedeven td {background-color: #CCC}.failedodd td,.attn {background-color: #F33}.failedeven td,.stripe .attn {background-color: #D00}.stacktrace {white-space:pre;font-family:monospace}.totop {font-size:85%;text-align:center;border-bottom:2px solid #000}.invisible {display:none}</style>
</head>
<body>
<table>
<tr><th>Test</th><th># Passed</th><th># Skipped</th><th># Failed</th><th>Time (ms)</th><th>Included Groups</th><th>Excluded Groups</th></tr>
<tr><th colspan="7">Command line suite</th></tr>
<tr><td><a href="#t0">Command line test</a></td><td class="num">18</td><td class="num">0</td><td class="num attn">4</td><td class="num">470,333</td><td></td><td></td></tr>
</table>
<table id='summary'><thead><tr><th>Class</th><th>Method</th><th>Start</th><th>Time (ms)</th></tr></thead><tbody><tr><th colspan="4">Command line suite</th></tr></tbody><tbody id="t0"><tr><th colspan="4">Command line test &#8212; failed</th></tr><tr class="failedeven"><td rowspan="1">com.redbus.tests.BusHireTest</td><td><a href="#m0">hireVehicle_Outstation</a></td><td rowspan="1">1625428908085</td><td rowspan="1">25418</td></tr><tr class="failedodd"><td rowspan="3">com.redbus.tests.LoginTest</td><td><a href="#m1">ViewMyProfile</a></td><td rowspan="1">1625429198161</td><td rowspan="1">29174</td></tr><tr class="failedodd"><td><a href="#m2">ViewMyTrips</a></td><td rowspan="1">1625429234482</td><td rowspan="1">29515</td></tr><tr class="failedodd"><td><a href="#m3">ViewWalletsAndCards</a></td><td rowspan="1">1625429277146</td><td rowspan="1">29918</td></tr><tr><th colspan="4">Command line test &#8212; passed</th></tr><tr class="passedeven"><td rowspan="5">com.redbus.tests.BusHireTest</td><td><a href="#m4">car_hire</a></td><td rowspan="1">1625428885489</td><td rowspan="1">17360</td></tr><tr class="passedeven"><td><a href="#m5">managebooking_cancel</a></td><td rowspan="1">1625428943046</td><td rowspan="1">9820</td></tr><tr class="passedeven"><td><a href="#m6">minibuses_hire</a></td><td rowspan="1">1625428960425</td><td rowspan="1">12738</td></tr><tr class="passedeven"><td><a href="#m7">offers</a></td><td rowspan="1">1625428979285</td><td rowspan="1">10448</td></tr><tr class="passedeven"><td><a href="#m8">tempotraveller_hire</a></td><td rowspan="1">1625428995779</td><td rowspan="1">13375</td></tr><tr class="passedodd"><td rowspan="1">com.redbus.tests.BusTicketTest</td><td><a href="#m9">BusTickets</a></td><td rowspan="1">1625429015490</td><td rowspan="1">14949</td></tr><tr class="passedeven"><td rowspan="8">com.redbus.tests.HomePageFunctionalityTest</td><td><a href="#m10">Help</a></td><td rowspan="1">1625429035497</td><td rowspan="1">10665</td></tr><tr class="passedeven"><td><a href="#m11">amazonOffer</a></td><td rowspan="1">1625429052108</td><td rowspan="1">8688</td></tr><tr class="passedeven"><td><a href="#m12">cancelMyTicket</a></td><td rowspan="1">1625429066923</td><td rowspan="1">6592</td></tr><tr class="passedeven"><td><a href="#m13">journeyForDreams</a></td><td rowspan="1">1625429078556</td><td rowspan="1">2117</td></tr><tr class="passedeven"><td><a href="#m14">redbusCares</a></td><td rowspan="1">1625429086841</td><td rowspan="1">8454</td></tr><tr class="passedeven"><td><a href="#m15">searchBuses</a></td><td rowspan="1">1625429107997</td><td rowspan="1">6965</td></tr><tr class="passedeven"><td><a href="#m16">showMyTicket</a></td><td rowspan="1">1625429120239</td><td rowspan="1">6537</td></tr><tr class="passedeven"><td><a href="#m17">sitelogoText</a></td><td rowspan="1">1625429133719</td><td rowspan="1">257</td></tr><tr class="passedodd"><td rowspan="2">com.redbus.tests.LoginTest</td><td><a href="#m18">InvalidLoginFunctionality</a></td><td rowspan="1">1625429140396</td><td rowspan="1">15703</td></tr><tr class="passedodd"><td><a href="#m19">ValidLoginFunctionality</a></td><td rowspan="1">1625429167491</td><td rowspan="1">23483</td></tr><tr class="passedeven"><td rowspan="2">com.redbus.tests.RPoolFunctionalityTest</td><td><a href="#m20">RPool</a></td><td rowspan="1">1625429315547</td><td rowspan="1">7886</td></tr><tr class="passedeven"><td><a href="#m21">siteOnGooglePlay</a></td><td rowspan="1">1625429332469</td><td rowspan="1">12816</td></tr></tbody>
</table>
<h2>Command line test</h2><h3 id="m0">com.redbus.tests.BusHireTest#hireVehicle_Outstation</h3><table class="result"><tr><th>Exception</th></tr><tr><td><div class="stacktrace">org.openqa.selenium.NoSuchElementException: no such element: Unable to locate element: {&quot;method&quot;:&quot;xpath&quot;,&quot;selector&quot;:&quot;//body/div[5]/div[3]/div[1]/div[1]/div[1]/div[3]/div[2]/div[1]/div[5]/div[4]/button[1]/span[1]/p[1]&quot;}
  (Session info: headless chrome=91.0.4472.77)
For documentation on this error, please visit: https://www.seleniumhq.org/exceptions/no_such_element.html
Build info: version: &apos;3.141.59&apos;, revision: &apos;e82be7d358&apos;, time: &apos;2018-11-14T08:17:03&apos;
System info: host: &apos;RITIKAJAIN&apos;, ip: &apos;172.24.176.1&apos;, os.name: &apos;Windows 10&apos;, os.arch: &apos;amd64&apos;, os.version: &apos;10.0&apos;, java.version: &apos;1.8.0_281&apos;
Driver info: org.openqa.selenium.remote.RemoteWebDriver
Capabilities {acceptInsecureCerts: false, browserName: chrome, browserVersion: 91.0.4472.77, chrome: {chromedriverVersion: 91.0.4472.19 (1bf021f248676..., userDataDir: /tmp/.com.google.Chrome.7EQKU0}, goog:chromeOptions: {debuggerAddress: localhost:42849}, javascriptEnabled: true, networkConnectionEnabled: false, pageLoadStrategy: normal, platform: LINUX, platformName: LINUX, proxy: Proxy(), setWindowRect: true, strictFileInteractability: false, timeouts: {implicit: 0, pageLoad: 300000, script: 30000}, unhandledPromptBehavior: dismiss and notify, webauthn:extension:largeBlob: true, webauthn:virtualAuthenticators: true, webdriver.remote.sessionid: 4290b25d16104a7864b8952d9c1...}
Session ID: 4290b25d16104a7864b8952d9c1cf3ce
*** Element info: {Using=xpath, value=//body/div[5]/div[3]/div[1]/div[1]/div[1]/div[3]/div[2]/div[1]/div[5]/div[4]/button[1]/span[1]/p[1]}
	at org.openqa.selenium.remote.http.W3CHttpResponseCodec.createException(W3CHttpResponseCodec.java:187)
	at org.openqa.selenium.remote.http.W3CHttpResponseCodec.decode(W3CHttpResponseCodec.java:122)
	at org.openqa.selenium.remote.http.W3CHttpResponseCodec.decode(W3CHttpResponseCodec.java:49)
	at org.openqa.selenium.remote.HttpCommandExecutor.execute(HttpCommandExecutor.java:158)
	at org.openqa.selenium.remote.RemoteWebDriver.execute(RemoteWebDriver.java:552)
	at org.openqa.selenium.remote.RemoteWebDriver.findElement(RemoteWebDriver.java:323)
	at org.openqa.selenium.remote.RemoteWebDriver.findElementByXPath(RemoteWebDriver.java:428)
	at org.openqa.selenium.By$ByXPath.findElement(By.java:353)
	at org.openqa.selenium.remote.RemoteWebDriver.findElement(RemoteWebDriver.java:315)
	at org.openqa.selenium.support.pagefactory.DefaultElementLocator.findElement(DefaultElementLocator.java:69)
	at org.openqa.selenium.support.pagefactory.internal.LocatingElementHandler.invoke(LocatingElementHandler.java:38)
	at com.sun.proxy.$Proxy9.click(Unknown Source)
	at com.redbus.pages.BusHirePage.fromslctdate_click(BusHirePage.java:172)
	at com.redbus.tests.BusHireTest.hireVehicle_Outstation(BusHireTest.java:114)
... Removed 39 stack frames</div></td></tr></table><p class="totop"><a href="#summary">back to summary</a></p>
<h3 id="m1">com.redbus.tests.LoginTest#ViewMyProfile</h3><table class="result"><tr><th>Exception</th></tr><tr><td><div class="stacktrace">org.openqa.selenium.NoSuchElementException: no such element: Unable to locate element: {&quot;method&quot;:&quot;xpath&quot;,&quot;selector&quot;:&quot; //li[contains(text(),&apos;My Profile&apos;)]&quot;}
  (Session info: headless chrome=91.0.4472.77)
For documentation on this error, please visit: https://www.seleniumhq.org/exceptions/no_such_element.html
Build info: version: &apos;3.141.59&apos;, revision: &apos;e82be7d358&apos;, time: &apos;2018-11-14T08:17:03&apos;
System info: host: &apos;RITIKAJAIN&apos;, ip: &apos;172.24.176.1&apos;, os.name: &apos;Windows 10&apos;, os.arch: &apos;amd64&apos;, os.version: &apos;10.0&apos;, java.version: &apos;1.8.0_281&apos;
Driver info: org.openqa.selenium.remote.RemoteWebDriver
Capabilities {acceptInsecureCerts: false, browserName: chrome, browserVersion: 91.0.4472.77, chrome: {chromedriverVersion: 91.0.4472.19 (1bf021f248676..., userDataDir: /tmp/.com.google.Chrome.R0EKNx}, goog:chromeOptions: {debuggerAddress: localhost:37585}, javascriptEnabled: true, networkConnectionEnabled: false, pageLoadStrategy: normal, platform: LINUX, platformName: LINUX, proxy: Proxy(), setWindowRect: true, strictFileInteractability: false, timeouts: {implicit: 0, pageLoad: 300000, script: 30000}, unhandledPromptBehavior: dismiss and notify, webauthn:extension:largeBlob: true, webauthn:virtualAuthenticators: true, webdriver.remote.sessionid: 6b915b2f8554be4e9496b9e59cf...}
Session ID: 6b915b2f8554be4e9496b9e59cf0158b
*** Element info: {Using=xpath, value= //li[contains(text(),&apos;My Profile&apos;)]}
	at org.openqa.selenium.remote.http.W3CHttpResponseCodec.createException(W3CHttpResponseCodec.java:187)
	at org.openqa.selenium.remote.http.W3CHttpResponseCodec.decode(W3CHttpResponseCodec.java:122)
	at org.openqa.selenium.remote.http.W3CHttpResponseCodec.decode(W3CHttpResponseCodec.java:49)
	at org.openqa.selenium.remote.HttpCommandExecutor.execute(HttpCommandExecutor.java:158)
	at org.openqa.selenium.remote.RemoteWebDriver.execute(RemoteWebDriver.java:552)
	at org.openqa.selenium.remote.RemoteWebDriver.findElement(RemoteWebDriver.java:323)
	at org.openqa.selenium.remote.RemoteWebDriver.findElementByXPath(RemoteWebDriver.java:428)
	at org.openqa.selenium.By$ByXPath.findElement(By.java:353)
	at org.openqa.selenium.remote.RemoteWebDriver.findElement(RemoteWebDriver.java:315)
	at org.openqa.selenium.support.pagefactory.DefaultElementLocator.findElement(DefaultElementLocator.java:69)
	at org.openqa.selenium.support.pagefactory.internal.LocatingElementHandler.invoke(LocatingElementHandler.java:38)
	at com.sun.proxy.$Proxy9.click(Unknown Source)
	at com.redbus.pages.LoginPage.myprofile_click(LoginPage.java:110)
	at com.redbus.tests.LoginTest.ViewMyProfile(LoginTest.java:124)
... Removed 39 stack frames</div></td></tr></table><p class="totop"><a href="#summary">back to summary</a></p>
<h3 id="m2">com.redbus.tests.LoginTest#ViewMyTrips</h3><table class="result"><tr><th>Exception</th></tr><tr><td><div class="stacktrace">org.openqa.selenium.NoSuchElementException: no such element: Unable to locate element: {&quot;method&quot;:&quot;xpath&quot;,&quot;selector&quot;:&quot;//li[contains(text(),&apos;My Trips&apos;)]&quot;}
  (Session info: headless chrome=91.0.4472.77)
For documentation on this error, please visit: https://www.seleniumhq.org/exceptions/no_such_element.html
Build info: version: &apos;3.141.59&apos;, revision: &apos;e82be7d358&apos;, time: &apos;2018-11-14T08:17:03&apos;
System info: host: &apos;RITIKAJAIN&apos;, ip: &apos;172.24.176.1&apos;, os.name: &apos;Windows 10&apos;, os.arch: &apos;amd64&apos;, os.version: &apos;10.0&apos;, java.version: &apos;1.8.0_281&apos;
Driver info: org.openqa.selenium.remote.RemoteWebDriver
Capabilities {acceptInsecureCerts: false, browserName: chrome, browserVersion: 91.0.4472.77, chrome: {chromedriverVersion: 91.0.4472.19 (1bf021f248676..., userDataDir: /tmp/.com.google.Chrome.8z3UXr}, goog:chromeOptions: {debuggerAddress: localhost:37239}, javascriptEnabled: true, networkConnectionEnabled: false, pageLoadStrategy: normal, platform: LINUX, platformName: LINUX, proxy: Proxy(), setWindowRect: true, strictFileInteractability: false, timeouts: {implicit: 0, pageLoad: 300000, script: 30000}, unhandledPromptBehavior: dismiss and notify, webauthn:extension:largeBlob: true, webauthn:virtualAuthenticators: true, webdriver.remote.sessionid: 2991d2fbb9745063a8f4bc9dc59...}
Session ID: 2991d2fbb9745063a8f4bc9dc5967697
*** Element info: {Using=xpath, value=//li[contains(text(),&apos;My Trips&apos;)]}
	at org.openqa.selenium.remote.http.W3CHttpResponseCodec.createException(W3CHttpResponseCodec.java:187)
	at org.openqa.selenium.remote.http.W3CHttpResponseCodec.decode(W3CHttpResponseCodec.java:122)
	at org.openqa.selenium.remote.http.W3CHttpResponseCodec.decode(W3CHttpResponseCodec.java:49)
	at org.openqa.selenium.remote.HttpCommandExecutor.execute(HttpCommandExecutor.java:158)
	at org.openqa.selenium.remote.RemoteWebDriver.execute(RemoteWebDriver.java:552)
	at org.openqa.selenium.remote.RemoteWebDriver.findElement(RemoteWebDriver.java:323)
	at org.openqa.selenium.remote.RemoteWebDriver.findElementByXPath(RemoteWebDriver.java:428)
	at org.openqa.selenium.By$ByXPath.findElement(By.java:353)
	at org.openqa.selenium.remote.RemoteWebDriver.findElement(RemoteWebDriver.java:315)
	at org.openqa.selenium.support.pagefactory.DefaultElementLocator.findElement(DefaultElementLocator.java:69)
	at org.openqa.selenium.support.pagefactory.internal.LocatingElementHandler.invoke(LocatingElementHandler.java:38)
	at com.sun.proxy.$Proxy9.click(Unknown Source)
	at com.redbus.pages.LoginPage.mytrips_click(LoginPage.java:115)
	at com.redbus.tests.LoginTest.ViewMyTrips(LoginTest.java:164)
... Removed 39 stack frames</div></td></tr></table><p class="totop"><a href="#summary">back to summary</a></p>
<h3 id="m3">com.redbus.tests.LoginTest#ViewWalletsAndCards</h3><table class="result"><tr><th>Exception</th></tr><tr><td><div class="stacktrace">org.openqa.selenium.NoSuchElementException: no such element: Unable to locate element: {&quot;method&quot;:&quot;xpath&quot;,&quot;selector&quot;:&quot;//li[contains(text(),&apos;Wallets/Cards&apos;)]&quot;}
  (Session info: headless chrome=91.0.4472.77)
For documentation on this error, please visit: https://www.seleniumhq.org/exceptions/no_such_element.html
Build info: version: &apos;3.141.59&apos;, revision: &apos;e82be7d358&apos;, time: &apos;2018-11-14T08:17:03&apos;
System info: host: &apos;RITIKAJAIN&apos;, ip: &apos;172.24.176.1&apos;, os.name: &apos;Windows 10&apos;, os.arch: &apos;amd64&apos;, os.version: &apos;10.0&apos;, java.version: &apos;1.8.0_281&apos;
Driver info: org.openqa.selenium.remote.RemoteWebDriver
Capabilities {acceptInsecureCerts: false, browserName: chrome, browserVersion: 91.0.4472.77, chrome: {chromedriverVersion: 91.0.4472.19 (1bf021f248676..., userDataDir: /tmp/.com.google.Chrome.OaEy3c}, goog:chromeOptions: {debuggerAddress: localhost:45535}, javascriptEnabled: true, networkConnectionEnabled: false, pageLoadStrategy: normal, platform: LINUX, platformName: LINUX, proxy: Proxy(), setWindowRect: true, strictFileInteractability: false, timeouts: {implicit: 0, pageLoad: 300000, script: 30000}, unhandledPromptBehavior: dismiss and notify, webauthn:extension:largeBlob: true, webauthn:virtualAuthenticators: true, webdriver.remote.sessionid: 210ce3bd4bc02c557140a113731...}
Session ID: 210ce3bd4bc02c557140a1137310c538
*** Element info: {Using=xpath, value=//li[contains(text(),&apos;Wallets/Cards&apos;)]}
	at org.openqa.selenium.remote.http.W3CHttpResponseCodec.createException(W3CHttpResponseCodec.java:187)
	at org.openqa.selenium.remote.http.W3CHttpResponseCodec.decode(W3CHttpResponseCodec.java:122)
	at org.openqa.selenium.remote.http.W3CHttpResponseCodec.decode(W3CHttpResponseCodec.java:49)
	at org.openqa.selenium.remote.HttpCommandExecutor.execute(HttpCommandExecutor.java:158)
	at org.openqa.selenium.remote.RemoteWebDriver.execute(RemoteWebDriver.java:552)
	at org.openqa.selenium.remote.RemoteWebDriver.findElement(RemoteWebDriver.java:323)
	at org.openqa.selenium.remote.RemoteWebDriver.findElementByXPath(RemoteWebDriver.java:428)
	at org.openqa.selenium.By$ByXPath.findElement(By.java:353)
	at org.openqa.selenium.remote.RemoteWebDriver.findElement(RemoteWebDriver.java:315)
	at org.openqa.selenium.support.pagefactory.DefaultElementLocator.findElement(DefaultElementLocator.java:69)
	at org.openqa.selenium.support.pagefactory.internal.LocatingElementHandler.invoke(LocatingElementHandler.java:38)
	at com.sun.proxy.$Proxy9.click(Unknown Source)
	at com.redbus.pages.LoginPage.walletsAndcards_click(LoginPage.java:120)
	at com.redbus.tests.LoginTest.ViewWalletsAndCards(LoginTest.java:206)
... Removed 39 stack frames</div></td></tr></table><p class="totop"><a href="#summary">back to summary</a></p>
<h3 id="m4">com.redbus.tests.BusHireTest#car_hire</h3><table class="result"><tr><th class="invisible"/></tr></table><p class="totop"><a href="#summary">back to summary</a></p>
<h3 id="m5">com.redbus.tests.BusHireTest#managebooking_cancel</h3><table class="result"><tr><th class="invisible"/></tr></table><p class="totop"><a href="#summary">back to summary</a></p>
<h3 id="m6">com.redbus.tests.BusHireTest#minibuses_hire</h3><table class="result"><tr><th class="invisible"/></tr></table><p class="totop"><a href="#summary">back to summary</a></p>
<h3 id="m7">com.redbus.tests.BusHireTest#offers</h3><table class="result"><tr><th class="invisible"/></tr></table><p class="totop"><a href="#summary">back to summary</a></p>
<h3 id="m8">com.redbus.tests.BusHireTest#tempotraveller_hire</h3><table class="result"><tr><th class="invisible"/></tr></table><p class="totop"><a href="#summary">back to summary</a></p>
<h3 id="m9">com.redbus.tests.BusTicketTest#BusTickets</h3><table class="result"><tr><th class="invisible"/></tr></table><p class="totop"><a href="#summary">back to summary</a></p>
<h3 id="m10">com.redbus.tests.HomePageFunctionalityTest#Help</h3><table class="result"><tr><th class="invisible"/></tr></table><p class="totop"><a href="#summary">back to summary</a></p>
<h3 id="m11">com.redbus.tests.HomePageFunctionalityTest#amazonOffer</h3><table class="result"><tr><th class="invisible"/></tr></table><p class="totop"><a href="#summary">back to summary</a></p>
<h3 id="m12">com.redbus.tests.HomePageFunctionalityTest#cancelMyTicket</h3><table class="result"><tr><th class="invisible"/></tr></table><p class="totop"><a href="#summary">back to summary</a></p>
<h3 id="m13">com.redbus.tests.HomePageFunctionalityTest#journeyForDreams</h3><table class="result"><tr><th class="invisible"/></tr></table><p class="totop"><a href="#summary">back to summary</a></p>
<h3 id="m14">com.redbus.tests.HomePageFunctionalityTest#redbusCares</h3><table class="result"><tr><th class="invisible"/></tr></table><p class="totop"><a href="#summary">back to summary</a></p>
<h3 id="m15">com.redbus.tests.HomePageFunctionalityTest#searchBuses</h3><table class="result"><tr><th class="invisible"/></tr></table><p class="totop"><a href="#summary">back to summary</a></p>
<h3 id="m16">com.redbus.tests.HomePageFunctionalityTest#showMyTicket</h3><table class="result"><tr><th class="invisible"/></tr></table><p class="totop"><a href="#summary">back to summary</a></p>
<h3 id="m17">com.redbus.tests.HomePageFunctionalityTest#sitelogoText</h3><table class="result"><tr><th class="invisible"/></tr></table><p class="totop"><a href="#summary">back to summary</a></p>
<h3 id="m18">com.redbus.tests.LoginTest#InvalidLoginFunctionality</h3><table class="result"><tr><th class="invisible"/></tr></table><p class="totop"><a href="#summary">back to summary</a></p>
<h3 id="m19">com.redbus.tests.LoginTest#ValidLoginFunctionality</h3><table class="result"><tr><th class="invisible"/></tr></table><p class="totop"><a href="#summary">back to summary</a></p>
<h3 id="m20">com.redbus.tests.RPoolFunctionalityTest#RPool</h3><table class="result"><tr><th class="invisible"/></tr></table><p class="totop"><a href="#summary">back to summary</a></p>
<h3 id="m21">com.redbus.tests.RPoolFunctionalityTest#siteOnGooglePlay</h3><table class="result"><tr><th class="invisible"/></tr></table><p class="totop"><a href="#summary">back to summary</a></p>
</body>
</html>
