<?xml version="1.0" encoding="UTF-8"?>
<testng-results skipped="0" failed="4" ignored="10" total="32" passed="18">
  <reporter-output>
  </reporter-output>
  <suite name="Command line suite" duration-ms="470333" started-at="2021-07-04T20:01:15Z" finished-at="2021-07-04T20:09:05Z">
    <groups>
    </groups>
    <test name="Command line test" duration-ms="470333" started-at="2021-07-04T20:01:15Z" finished-at="2021-07-04T20:09:05Z">
      <class name="com.redbus.tests.BusTicketTest">
        <test-method status="PASS" signature="Initialize()[pri:0, instance:com.redbus.tests.BusTicketTest@724af044]" name="Initialize" is-config="true" duration-ms="452" started-at="2021-07-04T20:03:29Z" finished-at="2021-07-04T20:03:29Z">
          <reporter-output>
          </reporter-output>
        </test-method> <!-- Initialize -->
        <test-method status="PASS" signature="openBrowser()[pri:0, instance:com.redbus.tests.BusTicketTest@724af044]" name="openBrowser" is-config="true" duration-ms="5798" started-at="2021-07-04T20:03:29Z" finished-at="2021-07-04T20:03:35Z">
          <reporter-output>
          </reporter-output>
        </test-method> <!-- openBrowser -->
        <test-method status="PASS" signature="BusTickets()[pri:0, instance:com.redbus.tests.BusTicketTest@724af044]" name="BusTickets" duration-ms="14949" started-at="2021-07-04T20:03:35Z" finished-at="2021-07-04T20:03:50Z">
          <reporter-output>
          </reporter-output>
        </test-method> <!-- BusTickets -->
        <test-method status="PASS" signature="report(org.testng.ITestResult)[pri:0, instance:com.redbus.tests.BusTicketTest@724af044]" name="report" is-config="true" duration-ms="1" started-at="2021-07-04T20:03:50Z" finished-at="2021-07-04T20:03:50Z">
          <params>
            <param index="0">
              <value>
                <![CDATA[[TestResult name=BusTickets status=SUCCESS method=BusTicketTest.BusTickets()[pri:0, instance:com.redbus.tests.BusTicketTest@724af044] output={null}]]]>
              </value>
            </param>
          </params>
          <reporter-output>
          </reporter-output>
        </test-method> <!-- report -->
        <test-method status="PASS" signature="closeBrowser()[pri:0, instance:com.redbus.tests.BusTicketTest@724af044]" name="closeBrowser" is-config="true" duration-ms="85" started-at="2021-07-04T20:03:50Z" depends-on-methods="com.redbus.tests.BaseTest.report" finished-at="2021-07-04T20:03:50Z">
          <reporter-output>
          </reporter-output>
        </test-method> <!-- closeBrowser -->
      </class> <!-- com.redbus.tests.BusTicketTest -->
      <class name="com.redbus.tests.RPoolFunctionalityTest">
        <test-method status="PASS" signature="Initialize()[pri:0, instance:com.redbus.tests.RPoolFunctionalityTest@29ee9faa]" name="Initialize" is-config="true" duration-ms="638" started-at="2021-07-04T20:08:29Z" finished-at="2021-07-04T20:08:29Z">
          <reporter-output>
          </reporter-output>
        </test-method> <!-- Initialize -->
        <test-method status="PASS" signature="openBrowser()[pri:0, instance:com.redbus.tests.RPoolFunctionalityTest@29ee9faa]" name="openBrowser" is-config="true" duration-ms="5902" started-at="2021-07-04T20:08:29Z" finished-at="2021-07-04T20:08:35Z">
          <reporter-output>
          </reporter-output>
        </test-method> <!-- openBrowser -->
        <test-method status="PASS" signature="RPool()[pri:0, instance:com.redbus.tests.RPoolFunctionalityTest@29ee9faa]" name="RPool" duration-ms="7886" started-at="2021-07-04T20:08:35Z" finished-at="2021-07-04T20:08:43Z">
          <reporter-output>
          </reporter-output>
        </test-method> <!-- RPool -->
        <test-method status="PASS" signature="report(org.testng.ITestResult)[pri:0, instance:com.redbus.tests.RPoolFunctionalityTest@29ee9faa]" name="report" is-config="true" duration-ms="1" started-at="2021-07-04T20:08:43Z" finished-at="2021-07-04T20:08:43Z">
          <params>
            <param index="0">
              <value>
                <![CDATA[[TestResult name=RPool status=SUCCESS method=RPoolFunctionalityTest.RPool()[pri:0, instance:com.redbus.tests.RPoolFunctionalityTest@29ee9faa] output={null}]]]>
              </value>
            </param>
          </params>
          <reporter-output>
          </reporter-output>
        </test-method> <!-- report -->
        <test-method status="PASS" signature="closeBrowser()[pri:0, instance:com.redbus.tests.RPoolFunctionalityTest@29ee9faa]" name="closeBrowser" is-config="true" duration-ms="80" started-at="2021-07-04T20:08:43Z" depends-on-methods="com.redbus.tests.BaseTest.report" finished-at="2021-07-04T20:08:43Z">
          <reporter-output>
          </reporter-output>
        </test-method> <!-- closeBrowser -->
        <test-method status="PASS" signature="Initialize()[pri:0, instance:com.redbus.tests.RPoolFunctionalityTest@29ee9faa]" name="Initialize" is-config="true" duration-ms="604" started-at="2021-07-04T20:08:43Z" finished-at="2021-07-04T20:08:44Z">
          <reporter-output>
          </reporter-output>
        </test-method> <!-- Initialize -->
        <test-method status="PASS" signature="openBrowser()[pri:0, instance:com.redbus.tests.RPoolFunctionalityTest@29ee9faa]" name="openBrowser" is-config="true" duration-ms="8349" started-at="2021-07-04T20:08:44Z" finished-at="2021-07-04T20:08:52Z">
          <reporter-output>
          </reporter-output>
        </test-method> <!-- openBrowser -->
        <test-method status="PASS" signature="siteOnGooglePlay()[pri:0, instance:com.redbus.tests.RPoolFunctionalityTest@29ee9faa]" name="siteOnGooglePlay" duration-ms="12816" started-at="2021-07-04T20:08:52Z" finished-at="2021-07-04T20:09:05Z">
          <reporter-output>
          </reporter-output>
        </test-method> <!-- siteOnGooglePlay -->
        <test-method status="PASS" signature="report(org.testng.ITestResult)[pri:0, instance:com.redbus.tests.RPoolFunctionalityTest@29ee9faa]" name="report" is-config="true" duration-ms="1" started-at="2021-07-04T20:09:05Z" finished-at="2021-07-04T20:09:05Z">
          <params>
            <param index="0">
              <value>
                <![CDATA[[TestResult name=siteOnGooglePlay status=SUCCESS method=RPoolFunctionalityTest.siteOnGooglePlay()[pri:0, instance:com.redbus.tests.RPoolFunctionalityTest@29ee9faa] output={null}]]]>
              </value>
            </param>
          </params>
          <reporter-output>
          </reporter-output>
        </test-method> <!-- report -->
        <test-method status="PASS" signature="closeBrowser()[pri:0, instance:com.redbus.tests.RPoolFunctionalityTest@29ee9faa]" name="closeBrowser" is-config="true" duration-ms="91" started-at="2021-07-04T20:09:05Z" depends-on-methods="com.redbus.tests.BaseTest.report" finished-at="2021-07-04T20:09:05Z">
          <reporter-output>
          </reporter-output>
        </test-method> <!-- closeBrowser -->
      </class> <!-- com.redbus.tests.RPoolFunctionalityTest -->
      <class name="com.redbus.tests.BaseTest">
        <test-method status="PASS" signature="setExtent()[pri:0, instance:com.redbus.tests.BaseTest@5c7fa833]" name="setExtent" is-config="true" duration-ms="235" started-at="2021-07-04T20:01:15Z" finished-at="2021-07-04T20:01:15Z">
          <reporter-output>
          </reporter-output>
        </test-method> <!-- setExtent -->
        <test-method status="PASS" signature="endReport()[pri:0, instance:com.redbus.tests.BaseTest@5c7fa833]" name="endReport" is-config="true" duration-ms="831" started-at="2021-07-04T20:09:05Z" finished-at="2021-07-04T20:09:06Z">
          <reporter-output>
          </reporter-output>
        </test-method> <!-- endReport -->
      </class> <!-- com.redbus.tests.BaseTest -->
      <class name="com.redbus.tests.LoginTest">
        <test-method status="PASS" signature="Initialize()[pri:0, instance:com.redbus.tests.LoginTest@6767c1fc]" name="Initialize" is-config="true" duration-ms="583" started-at="2021-07-04T20:05:34Z" finished-at="2021-07-04T20:05:34Z">
          <reporter-output>
          </reporter-output>
        </test-method> <!-- Initialize -->
        <test-method status="PASS" signature="openBrowser()[pri:0, instance:com.redbus.tests.LoginTest@6767c1fc]" name="openBrowser" is-config="true" duration-ms="5748" started-at="2021-07-04T20:05:34Z" finished-at="2021-07-04T20:05:40Z">
          <reporter-output>
          </reporter-output>
        </test-method> <!-- openBrowser -->
        <test-method status="PASS" signature="InvalidLoginFunctionality()[pri:0, instance:com.redbus.tests.LoginTest@6767c1fc]" name="InvalidLoginFunctionality" duration-ms="15703" started-at="2021-07-04T20:05:40Z" finished-at="2021-07-04T20:05:56Z">
          <reporter-output>
          </reporter-output>
        </test-method> <!-- InvalidLoginFunctionality -->
        <test-method status="PASS" signature="report(org.testng.ITestResult)[pri:0, instance:com.redbus.tests.LoginTest@6767c1fc]" name="report" is-config="true" duration-ms="2" started-at="2021-07-04T20:05:56Z" finished-at="2021-07-04T20:05:56Z">
          <params>
            <param index="0">
              <value>
                <![CDATA[[TestResult name=InvalidLoginFunctionality status=SUCCESS method=LoginTest.InvalidLoginFunctionality()[pri:0, instance:com.redbus.tests.LoginTest@6767c1fc] output={null}]]]>
              </value>
            </param>
          </params>
          <reporter-output>
          </reporter-output>
        </test-method> <!-- report -->
        <test-method status="PASS" signature="closeBrowser()[pri:0, instance:com.redbus.tests.LoginTest@6767c1fc]" name="closeBrowser" is-config="true" duration-ms="92" started-at="2021-07-04T20:05:56Z" depends-on-methods="com.redbus.tests.BaseTest.report" finished-at="2021-07-04T20:05:56Z">
          <reporter-output>
          </reporter-output>
        </test-method> <!-- closeBrowser -->
        <test-method status="PASS" signature="Initialize()[pri:0, instance:com.redbus.tests.LoginTest@6767c1fc]" name="Initialize" is-config="true" duration-ms="674" started-at="2021-07-04T20:05:56Z" finished-at="2021-07-04T20:05:56Z">
          <reporter-output>
          </reporter-output>
        </test-method> <!-- Initialize -->
        <test-method status="PASS" signature="openBrowser()[pri:0, instance:com.redbus.tests.LoginTest@6767c1fc]" name="openBrowser" is-config="true" duration-ms="10623" started-at="2021-07-04T20:05:56Z" finished-at="2021-07-04T20:06:07Z">
          <reporter-output>
          </reporter-output>
        </test-method> <!-- openBrowser -->
        <test-method status="PASS" signature="ValidLoginFunctionality()[pri:0, instance:com.redbus.tests.LoginTest@6767c1fc]" name="ValidLoginFunctionality" duration-ms="23483" started-at="2021-07-04T20:06:07Z" finished-at="2021-07-04T20:06:30Z">
          <reporter-output>
          </reporter-output>
        </test-method> <!-- ValidLoginFunctionality -->
        <test-method status="PASS" signature="report(org.testng.ITestResult)[pri:0, instance:com.redbus.tests.LoginTest@6767c1fc]" name="report" is-config="true" duration-ms="1" started-at="2021-07-04T20:06:30Z" finished-at="2021-07-04T20:06:30Z">
          <params>
            <param index="0">
              <value>
                <![CDATA[[TestResult name=ValidLoginFunctionality status=SUCCESS method=LoginTest.ValidLoginFunctionality()[pri:0, instance:com.redbus.tests.LoginTest@6767c1fc] output={null}]]]>
              </value>
            </param>
          </params>
          <reporter-output>
          </reporter-output>
        </test-method> <!-- report -->
        <test-method status="PASS" signature="closeBrowser()[pri:0, instance:com.redbus.tests.LoginTest@6767c1fc]" name="closeBrowser" is-config="true" duration-ms="102" started-at="2021-07-04T20:06:30Z" depends-on-methods="com.redbus.tests.BaseTest.report" finished-at="2021-07-04T20:06:31Z">
          <reporter-output>
          </reporter-output>
        </test-method> <!-- closeBrowser -->
        <test-method status="PASS" signature="Initialize()[pri:0, instance:com.redbus.tests.LoginTest@6767c1fc]" name="Initialize" is-config="true" duration-ms="488" started-at="2021-07-04T20:06:31Z" finished-at="2021-07-04T20:06:31Z">
          <reporter-output>
          </reporter-output>
        </test-method> <!-- Initialize -->
        <test-method status="PASS" signature="openBrowser()[pri:0, instance:com.redbus.tests.LoginTest@6767c1fc]" name="openBrowser" is-config="true" duration-ms="6595" started-at="2021-07-04T20:06:31Z" finished-at="2021-07-04T20:06:38Z">
          <reporter-output>
          </reporter-output>
        </test-method> <!-- openBrowser -->
        <test-method status="FAIL" signature="ViewMyProfile()[pri:0, instance:com.redbus.tests.LoginTest@6767c1fc]" name="ViewMyProfile" duration-ms="29174" started-at="2021-07-04T20:06:38Z" finished-at="2021-07-04T20:07:07Z">
          <exception class="org.openqa.selenium.NoSuchElementException">
            <message>
              <![CDATA[no such element: Unable to locate element: {"method":"xpath","selector":" //li[contains(text(),'My Profile')]"}
  (Session info: headless chrome=91.0.4472.77)
For documentation on this error, please visit: https://www.seleniumhq.org/exceptions/no_such_element.html
Build info: version: '3.141.59', revision: 'e82be7d358', time: '2018-11-14T08:17:03'
System info: host: 'RITIKAJAIN', ip: '172.24.176.1', os.name: 'Windows 10', os.arch: 'amd64', os.version: '10.0', java.version: '1.8.0_281'
Driver info: org.openqa.selenium.remote.RemoteWebDriver
Capabilities {acceptInsecureCerts: false, browserName: chrome, browserVersion: 91.0.4472.77, chrome: {chromedriverVersion: 91.0.4472.19 (1bf021f248676..., userDataDir: /tmp/.com.google.Chrome.R0EKNx}, goog:chromeOptions: {debuggerAddress: localhost:37585}, javascriptEnabled: true, networkConnectionEnabled: false, pageLoadStrategy: normal, platform: LINUX, platformName: LINUX, proxy: Proxy(), setWindowRect: true, strictFileInteractability: false, timeouts: {implicit: 0, pageLoad: 300000, script: 30000}, unhandledPromptBehavior: dismiss and notify, webauthn:extension:largeBlob: true, webauthn:virtualAuthenticators: true, webdriver.remote.sessionid: 6b915b2f8554be4e9496b9e59cf...}
Session ID: 6b915b2f8554be4e9496b9e59cf0158b
*** Element info: {Using=xpath, value= //li[contains(text(),'My Profile')]}]]>
            </message>
            <full-stacktrace>
              <![CDATA[org.openqa.selenium.NoSuchElementException: no such element: Unable to locate element: {"method":"xpath","selector":" //li[contains(text(),'My Profile')]"}
  (Session info: headless chrome=91.0.4472.77)
For documentation on this error, please visit: https://www.seleniumhq.org/exceptions/no_such_element.html
Build info: version: '3.141.59', revision: 'e82be7d358', time: '2018-11-14T08:17:03'
System info: host: 'RITIKAJAIN', ip: '172.24.176.1', os.name: 'Windows 10', os.arch: 'amd64', os.version: '10.0', java.version: '1.8.0_281'
Driver info: org.openqa.selenium.remote.RemoteWebDriver
Capabilities {acceptInsecureCerts: false, browserName: chrome, browserVersion: 91.0.4472.77, chrome: {chromedriverVersion: 91.0.4472.19 (1bf021f248676..., userDataDir: /tmp/.com.google.Chrome.R0EKNx}, goog:chromeOptions: {debuggerAddress: localhost:37585}, javascriptEnabled: true, networkConnectionEnabled: false, pageLoadStrategy: normal, platform: LINUX, platformName: LINUX, proxy: Proxy(), setWindowRect: true, strictFileInteractability: false, timeouts: {implicit: 0, pageLoad: 300000, script: 30000}, unhandledPromptBehavior: dismiss and notify, webauthn:extension:largeBlob: true, webauthn:virtualAuthenticators: true, webdriver.remote.sessionid: 6b915b2f8554be4e9496b9e59cf...}
Session ID: 6b915b2f8554be4e9496b9e59cf0158b
*** Element info: {Using=xpath, value= //li[contains(text(),'My Profile')]}
at sun.reflect.NativeConstructorAccessorImpl.newInstance0(Native Method)
at sun.reflect.NativeConstructorAccessorImpl.newInstance(NativeConstructorAccessorImpl.java:62)
at sun.reflect.DelegatingConstructorAccessorImpl.newInstance(DelegatingConstructorAccessorImpl.java:45)
at java.lang.reflect.Constructor.newInstance(Constructor.java:423)
at org.openqa.selenium.remote.http.W3CHttpResponseCodec.createException(W3CHttpResponseCodec.java:187)
at org.openqa.selenium.remote.http.W3CHttpResponseCodec.decode(W3CHttpResponseCodec.java:122)
at org.openqa.selenium.remote.http.W3CHttpResponseCodec.decode(W3CHttpResponseCodec.java:49)
at org.openqa.selenium.remote.HttpCommandExecutor.execute(HttpCommandExecutor.java:158)
at org.openqa.selenium.remote.RemoteWebDriver.execute(RemoteWebDriver.java:552)
at org.openqa.selenium.remote.RemoteWebDriver.findElement(RemoteWebDriver.java:323)
at org.openqa.selenium.remote.RemoteWebDriver.findElementByXPath(RemoteWebDriver.java:428)
at org.openqa.selenium.By$ByXPath.findElement(By.java:353)
at org.openqa.selenium.remote.RemoteWebDriver.findElement(RemoteWebDriver.java:315)
at org.openqa.selenium.support.pagefactory.DefaultElementLocator.findElement(DefaultElementLocator.java:69)
at org.openqa.selenium.support.pagefactory.internal.LocatingElementHandler.invoke(LocatingElementHandler.java:38)
at com.sun.proxy.$Proxy9.click(Unknown Source)
at com.redbus.pages.LoginPage.myprofile_click(LoginPage.java:110)
at com.redbus.tests.LoginTest.ViewMyProfile(LoginTest.java:124)
at sun.reflect.NativeMethodAccessorImpl.invoke0(Native Method)
at sun.reflect.NativeMethodAccessorImpl.invoke(NativeMethodAccessorImpl.java:62)
at sun.reflect.DelegatingMethodAccessorImpl.invoke(DelegatingMethodAccessorImpl.java:43)
at java.lang.reflect.Method.invoke(Method.java:498)
at org.testng.internal.MethodInvocationHelper.invokeMethod(MethodInvocationHelper.java:124)
at org.testng.internal.Invoker.invokeMethod(Invoker.java:583)
at org.testng.internal.Invoker.invokeTestMethod(Invoker.java:719)
at org.testng.internal.Invoker.invokeTestMethods(Invoker.java:989)
at org.testng.internal.TestMethodWorker.invokeTestMethods(TestMethodWorker.java:125)
at org.testng.internal.TestMethodWorker.run(TestMethodWorker.java:109)
at org.testng.TestRunner.privateRun(TestRunner.java:648)
at org.testng.TestRunner.run(TestRunner.java:505)
at org.testng.SuiteRunner.runTest(SuiteRunner.java:455)
at org.testng.SuiteRunner.runSequentially(SuiteRunner.java:450)
at org.testng.SuiteRunner.privateRun(SuiteRunner.java:415)
at org.testng.SuiteRunner.run(SuiteRunner.java:364)
at org.testng.SuiteRunnerWorker.runSuite(SuiteRunnerWorker.java:52)
at org.testng.SuiteRunnerWorker.run(SuiteRunnerWorker.java:84)
at org.testng.TestNG.runSuitesSequentially(TestNG.java:1208)
at org.testng.TestNG.runSuitesLocally(TestNG.java:1137)
at org.testng.TestNG.runSuites(TestNG.java:1049)
at org.testng.TestNG.run(TestNG.java:1017)
at org.apache.maven.surefire.testng.TestNGExecutor.run(TestNGExecutor.java:77)
at org.apache.maven.surefire.testng.TestNGDirectoryTestSuite.executeMulti(TestNGDirectoryTestSuite.java:159)
at org.apache.maven.surefire.testng.TestNGDirectoryTestSuite.execute(TestNGDirectoryTestSuite.java:99)
at org.apache.maven.surefire.testng.TestNGProvider.invoke(TestNGProvider.java:106)
at sun.reflect.NativeMethodAccessorImpl.invoke0(Native Method)
at sun.reflect.NativeMethodAccessorImpl.invoke(NativeMethodAccessorImpl.java:62)
at sun.reflect.DelegatingMethodAccessorImpl.invoke(DelegatingMethodAccessorImpl.java:43)
at java.lang.reflect.Method.invoke(Method.java:498)
at org.apache.maven.surefire.util.ReflectionUtils.invokeMethodWithArray(ReflectionUtils.java:189)
at org.apache.maven.surefire.booter.ProviderFactory$ProviderProxy.invoke(ProviderFactory.java:165)
at org.apache.maven.surefire.booter.ProviderFactory.invokeProvider(ProviderFactory.java:85)
at org.apache.maven.surefire.booter.ForkedBooter.runSuitesInProcess(ForkedBooter.java:115)
at org.apache.maven.surefire.booter.ForkedBooter.main(ForkedBooter.java:75)
]]>
            </full-stacktrace>
          </exception> <!-- org.openqa.selenium.NoSuchElementException -->
          <reporter-output>
          </reporter-output>
        </test-method> <!-- ViewMyProfile -->
        <test-method status="PASS" signature="report(org.testng.ITestResult)[pri:0, instance:com.redbus.tests.LoginTest@6767c1fc]" name="report" is-config="true" duration-ms="1780" started-at="2021-07-04T20:07:07Z" finished-at="2021-07-04T20:07:09Z">
          <params>
            <param index="0">
              <value>
                <![CDATA[[TestResult name=ViewMyProfile status=FAILURE method=LoginTest.ViewMyProfile()[pri:0, instance:com.redbus.tests.LoginTest@6767c1fc] output={null}]]]>
              </value>
            </param>
          </params>
          <reporter-output>
          </reporter-output>
        </test-method> <!-- report -->
        <test-method status="PASS" signature="closeBrowser()[pri:0, instance:com.redbus.tests.LoginTest@6767c1fc]" name="closeBrowser" is-config="true" duration-ms="88" started-at="2021-07-04T20:07:09Z" depends-on-methods="com.redbus.tests.BaseTest.report" finished-at="2021-07-04T20:07:09Z">
          <reporter-output>
          </reporter-output>
        </test-method> <!-- closeBrowser -->
        <test-method status="PASS" signature="Initialize()[pri:0, instance:com.redbus.tests.LoginTest@6767c1fc]" name="Initialize" is-config="true" duration-ms="460" started-at="2021-07-04T20:07:09Z" finished-at="2021-07-04T20:07:09Z">
          <reporter-output>
          </reporter-output>
        </test-method> <!-- Initialize -->
        <test-method status="PASS" signature="openBrowser()[pri:0, instance:com.redbus.tests.LoginTest@6767c1fc]" name="openBrowser" is-config="true" duration-ms="4814" started-at="2021-07-04T20:07:09Z" finished-at="2021-07-04T20:07:14Z">
          <reporter-output>
          </reporter-output>
        </test-method> <!-- openBrowser -->
        <test-method status="FAIL" signature="ViewMyTrips()[pri:0, instance:com.redbus.tests.LoginTest@6767c1fc]" name="ViewMyTrips" duration-ms="29515" started-at="2021-07-04T20:07:14Z" finished-at="2021-07-04T20:07:43Z">
          <exception class="org.openqa.selenium.NoSuchElementException">
            <message>
              <![CDATA[no such element: Unable to locate element: {"method":"xpath","selector":"//li[contains(text(),'My Trips')]"}
  (Session info: headless chrome=91.0.4472.77)
For documentation on this error, please visit: https://www.seleniumhq.org/exceptions/no_such_element.html
Build info: version: '3.141.59', revision: 'e82be7d358', time: '2018-11-14T08:17:03'
System info: host: 'RITIKAJAIN', ip: '172.24.176.1', os.name: 'Windows 10', os.arch: 'amd64', os.version: '10.0', java.version: '1.8.0_281'
Driver info: org.openqa.selenium.remote.RemoteWebDriver
Capabilities {acceptInsecureCerts: false, browserName: chrome, browserVersion: 91.0.4472.77, chrome: {chromedriverVersion: 91.0.4472.19 (1bf021f248676..., userDataDir: /tmp/.com.google.Chrome.8z3UXr}, goog:chromeOptions: {debuggerAddress: localhost:37239}, javascriptEnabled: true, networkConnectionEnabled: false, pageLoadStrategy: normal, platform: LINUX, platformName: LINUX, proxy: Proxy(), setWindowRect: true, strictFileInteractability: false, timeouts: {implicit: 0, pageLoad: 300000, script: 30000}, unhandledPromptBehavior: dismiss and notify, webauthn:extension:largeBlob: true, webauthn:virtualAuthenticators: true, webdriver.remote.sessionid: 2991d2fbb9745063a8f4bc9dc59...}
Session ID: 2991d2fbb9745063a8f4bc9dc5967697
*** Element info: {Using=xpath, value=//li[contains(text(),'My Trips')]}]]>
            </message>
            <full-stacktrace>
              <![CDATA[org.openqa.selenium.NoSuchElementException: no such element: Unable to locate element: {"method":"xpath","selector":"//li[contains(text(),'My Trips')]"}
  (Session info: headless chrome=91.0.4472.77)
For documentation on this error, please visit: https://www.seleniumhq.org/exceptions/no_such_element.html
Build info: version: '3.141.59', revision: 'e82be7d358', time: '2018-11-14T08:17:03'
System info: host: 'RITIKAJAIN', ip: '172.24.176.1', os.name: 'Windows 10', os.arch: 'amd64', os.version: '10.0', java.version: '1.8.0_281'
Driver info: org.openqa.selenium.remote.RemoteWebDriver
Capabilities {acceptInsecureCerts: false, browserName: chrome, browserVersion: 91.0.4472.77, chrome: {chromedriverVersion: 91.0.4472.19 (1bf021f248676..., userDataDir: /tmp/.com.google.Chrome.8z3UXr}, goog:chromeOptions: {debuggerAddress: localhost:37239}, javascriptEnabled: true, networkConnectionEnabled: false, pageLoadStrategy: normal, platform: LINUX, platformName: LINUX, proxy: Proxy(), setWindowRect: true, strictFileInteractability: false, timeouts: {implicit: 0, pageLoad: 300000, script: 30000}, unhandledPromptBehavior: dismiss and notify, webauthn:extension:largeBlob: true, webauthn:virtualAuthenticators: true, webdriver.remote.sessionid: 2991d2fbb9745063a8f4bc9dc59...}
Session ID: 2991d2fbb9745063a8f4bc9dc5967697
*** Element info: {Using=xpath, value=//li[contains(text(),'My Trips')]}
at sun.reflect.NativeConstructorAccessorImpl.newInstance0(Native Method)
at sun.reflect.NativeConstructorAccessorImpl.newInstance(NativeConstructorAccessorImpl.java:62)
at sun.reflect.DelegatingConstructorAccessorImpl.newInstance(DelegatingConstructorAccessorImpl.java:45)
at java.lang.reflect.Constructor.newInstance(Constructor.java:423)
at org.openqa.selenium.remote.http.W3CHttpResponseCodec.createException(W3CHttpResponseCodec.java:187)
at org.openqa.selenium.remote.http.W3CHttpResponseCodec.decode(W3CHttpResponseCodec.java:122)
at org.openqa.selenium.remote.http.W3CHttpResponseCodec.decode(W3CHttpResponseCodec.java:49)
at org.openqa.selenium.remote.HttpCommandExecutor.execute(HttpCommandExecutor.java:158)
at org.openqa.selenium.remote.RemoteWebDriver.execute(RemoteWebDriver.java:552)
at org.openqa.selenium.remote.RemoteWebDriver.findElement(RemoteWebDriver.java:323)
at org.openqa.selenium.remote.RemoteWebDriver.findElementByXPath(RemoteWebDriver.java:428)
at org.openqa.selenium.By$ByXPath.findElement(By.java:353)
at org.openqa.selenium.remote.RemoteWebDriver.findElement(RemoteWebDriver.java:315)
at org.openqa.selenium.support.pagefactory.DefaultElementLocator.findElement(DefaultElementLocator.java:69)
at org.openqa.selenium.support.pagefactory.internal.LocatingElementHandler.invoke(LocatingElementHandler.java:38)
at com.sun.proxy.$Proxy9.click(Unknown Source)
at com.redbus.pages.LoginPage.mytrips_click(LoginPage.java:115)
at com.redbus.tests.LoginTest.ViewMyTrips(LoginTest.java:164)
at sun.reflect.NativeMethodAccessorImpl.invoke0(Native Method)
at sun.reflect.NativeMethodAccessorImpl.invoke(NativeMethodAccessorImpl.java:62)
at sun.reflect.DelegatingMethodAccessorImpl.invoke(DelegatingMethodAccessorImpl.java:43)
at java.lang.reflect.Method.invoke(Method.java:498)
at org.testng.internal.MethodInvocationHelper.invokeMethod(MethodInvocationHelper.java:124)
at org.testng.internal.Invoker.invokeMethod(Invoker.java:583)
at org.testng.internal.Invoker.invokeTestMethod(Invoker.java:719)
at org.testng.internal.Invoker.invokeTestMethods(Invoker.java:989)
at org.testng.internal.TestMethodWorker.invokeTestMethods(TestMethodWorker.java:125)
at org.testng.internal.TestMethodWorker.run(TestMethodWorker.java:109)
at org.testng.TestRunner.privateRun(TestRunner.java:648)
at org.testng.TestRunner.run(TestRunner.java:505)
at org.testng.SuiteRunner.runTest(SuiteRunner.java:455)
at org.testng.SuiteRunner.runSequentially(SuiteRunner.java:450)
at org.testng.SuiteRunner.privateRun(SuiteRunner.java:415)
at org.testng.SuiteRunner.run(SuiteRunner.java:364)
at org.testng.SuiteRunnerWorker.runSuite(SuiteRunnerWorker.java:52)
at org.testng.SuiteRunnerWorker.run(SuiteRunnerWorker.java:84)
at org.testng.TestNG.runSuitesSequentially(TestNG.java:1208)
at org.testng.TestNG.runSuitesLocally(TestNG.java:1137)
at org.testng.TestNG.runSuites(TestNG.java:1049)
at org.testng.TestNG.run(TestNG.java:1017)
at org.apache.maven.surefire.testng.TestNGExecutor.run(TestNGExecutor.java:77)
at org.apache.maven.surefire.testng.TestNGDirectoryTestSuite.executeMulti(TestNGDirectoryTestSuite.java:159)
at org.apache.maven.surefire.testng.TestNGDirectoryTestSuite.execute(TestNGDirectoryTestSuite.java:99)
at org.apache.maven.surefire.testng.TestNGProvider.invoke(TestNGProvider.java:106)
at sun.reflect.NativeMethodAccessorImpl.invoke0(Native Method)
at sun.reflect.NativeMethodAccessorImpl.invoke(NativeMethodAccessorImpl.java:62)
at sun.reflect.DelegatingMethodAccessorImpl.invoke(DelegatingMethodAccessorImpl.java:43)
at java.lang.reflect.Method.invoke(Method.java:498)
at org.apache.maven.surefire.util.ReflectionUtils.invokeMethodWithArray(ReflectionUtils.java:189)
at org.apache.maven.surefire.booter.ProviderFactory$ProviderProxy.invoke(ProviderFactory.java:165)
at org.apache.maven.surefire.booter.ProviderFactory.invokeProvider(ProviderFactory.java:85)
at org.apache.maven.surefire.booter.ForkedBooter.runSuitesInProcess(ForkedBooter.java:115)
at org.apache.maven.surefire.booter.ForkedBooter.main(ForkedBooter.java:75)
]]>
            </full-stacktrace>
          </exception> <!-- org.openqa.selenium.NoSuchElementException -->
          <reporter-output>
          </reporter-output>
        </test-method> <!-- ViewMyTrips -->
        <test-method status="PASS" signature="report(org.testng.ITestResult)[pri:0, instance:com.redbus.tests.LoginTest@6767c1fc]" name="report" is-config="true" duration-ms="1656" started-at="2021-07-04T20:07:44Z" finished-at="2021-07-04T20:07:45Z">
          <params>
            <param index="0">
              <value>
                <![CDATA[[TestResult name=ViewMyTrips status=FAILURE method=LoginTest.ViewMyTrips()[pri:0, instance:com.redbus.tests.LoginTest@6767c1fc] output={null}]]]>
              </value>
            </param>
          </params>
          <reporter-output>
          </reporter-output>
        </test-method> <!-- report -->
        <test-method status="PASS" signature="closeBrowser()[pri:0, instance:com.redbus.tests.LoginTest@6767c1fc]" name="closeBrowser" is-config="true" duration-ms="87" started-at="2021-07-04T20:07:45Z" depends-on-methods="com.redbus.tests.BaseTest.report" finished-at="2021-07-04T20:07:45Z">
          <reporter-output>
          </reporter-output>
        </test-method> <!-- closeBrowser -->
        <test-method status="PASS" signature="Initialize()[pri:0, instance:com.redbus.tests.LoginTest@6767c1fc]" name="Initialize" is-config="true" duration-ms="674" started-at="2021-07-04T20:07:45Z" finished-at="2021-07-04T20:07:46Z">
          <reporter-output>
          </reporter-output>
        </test-method> <!-- Initialize -->
        <test-method status="PASS" signature="openBrowser()[pri:0, instance:com.redbus.tests.LoginTest@6767c1fc]" name="openBrowser" is-config="true" duration-ms="10728" started-at="2021-07-04T20:07:46Z" finished-at="2021-07-04T20:07:57Z">
          <reporter-output>
          </reporter-output>
        </test-method> <!-- openBrowser -->
        <test-method status="FAIL" signature="ViewWalletsAndCards()[pri:0, instance:com.redbus.tests.LoginTest@6767c1fc]" name="ViewWalletsAndCards" duration-ms="29918" started-at="2021-07-04T20:07:57Z" finished-at="2021-07-04T20:08:27Z">
          <exception class="org.openqa.selenium.NoSuchElementException">
            <message>
              <![CDATA[no such element: Unable to locate element: {"method":"xpath","selector":"//li[contains(text(),'Wallets/Cards')]"}
  (Session info: headless chrome=91.0.4472.77)
For documentation on this error, please visit: https://www.seleniumhq.org/exceptions/no_such_element.html
Build info: version: '3.141.59', revision: 'e82be7d358', time: '2018-11-14T08:17:03'
System info: host: 'RITIKAJAIN', ip: '172.24.176.1', os.name: 'Windows 10', os.arch: 'amd64', os.version: '10.0', java.version: '1.8.0_281'
Driver info: org.openqa.selenium.remote.RemoteWebDriver
Capabilities {acceptInsecureCerts: false, browserName: chrome, browserVersion: 91.0.4472.77, chrome: {chromedriverVersion: 91.0.4472.19 (1bf021f248676..., userDataDir: /tmp/.com.google.Chrome.OaEy3c}, goog:chromeOptions: {debuggerAddress: localhost:45535}, javascriptEnabled: true, networkConnectionEnabled: false, pageLoadStrategy: normal, platform: LINUX, platformName: LINUX, proxy: Proxy(), setWindowRect: true, strictFileInteractability: false, timeouts: {implicit: 0, pageLoad: 300000, script: 30000}, unhandledPromptBehavior: dismiss and notify, webauthn:extension:largeBlob: true, webauthn:virtualAuthenticators: true, webdriver.remote.sessionid: 210ce3bd4bc02c557140a113731...}
Session ID: 210ce3bd4bc02c557140a1137310c538
*** Element info: {Using=xpath, value=//li[contains(text(),'Wallets/Cards')]}]]>
            </message>
            <full-stacktrace>
              <![CDATA[org.openqa.selenium.NoSuchElementException: no such element: Unable to locate element: {"method":"xpath","selector":"//li[contains(text(),'Wallets/Cards')]"}
  (Session info: headless chrome=91.0.4472.77)
For documentation on this error, please visit: https://www.seleniumhq.org/exceptions/no_such_element.html
Build info: version: '3.141.59', revision: 'e82be7d358', time: '2018-11-14T08:17:03'
System info: host: 'RITIKAJAIN', ip: '172.24.176.1', os.name: 'Windows 10', os.arch: 'amd64', os.version: '10.0', java.version: '1.8.0_281'
Driver info: org.openqa.selenium.remote.RemoteWebDriver
Capabilities {acceptInsecureCerts: false, browserName: chrome, browserVersion: 91.0.4472.77, chrome: {chromedriverVersion: 91.0.4472.19 (1bf021f248676..., userDataDir: /tmp/.com.google.Chrome.OaEy3c}, goog:chromeOptions: {debuggerAddress: localhost:45535}, javascriptEnabled: true, networkConnectionEnabled: false, pageLoadStrategy: normal, platform: LINUX, platformName: LINUX, proxy: Proxy(), setWindowRect: true, strictFileInteractability: false, timeouts: {implicit: 0, pageLoad: 300000, script: 30000}, unhandledPromptBehavior: dismiss and notify, webauthn:extension:largeBlob: true, webauthn:virtualAuthenticators: true, webdriver.remote.sessionid: 210ce3bd4bc02c557140a113731...}
Session ID: 210ce3bd4bc02c557140a1137310c538
*** Element info: {Using=xpath, value=//li[contains(text(),'Wallets/Cards')]}
at sun.reflect.NativeConstructorAccessorImpl.newInstance0(Native Method)
at sun.reflect.NativeConstructorAccessorImpl.newInstance(NativeConstructorAccessorImpl.java:62)
at sun.reflect.DelegatingConstructorAccessorImpl.newInstance(DelegatingConstructorAccessorImpl.java:45)
at java.lang.reflect.Constructor.newInstance(Constructor.java:423)
at org.openqa.selenium.remote.http.W3CHttpResponseCodec.createException(W3CHttpResponseCodec.java:187)
at org.openqa.selenium.remote.http.W3CHttpResponseCodec.decode(W3CHttpResponseCodec.java:122)
at org.openqa.selenium.remote.http.W3CHttpResponseCodec.decode(W3CHttpResponseCodec.java:49)
at org.openqa.selenium.remote.HttpCommandExecutor.execute(HttpCommandExecutor.java:158)
at org.openqa.selenium.remote.RemoteWebDriver.execute(RemoteWebDriver.java:552)
at org.openqa.selenium.remote.RemoteWebDriver.findElement(RemoteWebDriver.java:323)
at org.openqa.selenium.remote.RemoteWebDriver.findElementByXPath(RemoteWebDriver.java:428)
at org.openqa.selenium.By$ByXPath.findElement(By.java:353)
at org.openqa.selenium.remote.RemoteWebDriver.findElement(RemoteWebDriver.java:315)
at org.openqa.selenium.support.pagefactory.DefaultElementLocator.findElement(DefaultElementLocator.java:69)
at org.openqa.selenium.support.pagefactory.internal.LocatingElementHandler.invoke(LocatingElementHandler.java:38)
at com.sun.proxy.$Proxy9.click(Unknown Source)
at com.redbus.pages.LoginPage.walletsAndcards_click(LoginPage.java:120)
at com.redbus.tests.LoginTest.ViewWalletsAndCards(LoginTest.java:206)
at sun.reflect.NativeMethodAccessorImpl.invoke0(Native Method)
at sun.reflect.NativeMethodAccessorImpl.invoke(NativeMethodAccessorImpl.java:62)
at sun.reflect.DelegatingMethodAccessorImpl.invoke(DelegatingMethodAccessorImpl.java:43)
at java.lang.reflect.Method.invoke(Method.java:498)
at org.testng.internal.MethodInvocationHelper.invokeMethod(MethodInvocationHelper.java:124)
at org.testng.internal.Invoker.invokeMethod(Invoker.java:583)
at org.testng.internal.Invoker.invokeTestMethod(Invoker.java:719)
at org.testng.internal.Invoker.invokeTestMethods(Invoker.java:989)
at org.testng.internal.TestMethodWorker.invokeTestMethods(TestMethodWorker.java:125)
at org.testng.internal.TestMethodWorker.run(TestMethodWorker.java:109)
at org.testng.TestRunner.privateRun(TestRunner.java:648)
at org.testng.TestRunner.run(TestRunner.java:505)
at org.testng.SuiteRunner.runTest(SuiteRunner.java:455)
at org.testng.SuiteRunner.runSequentially(SuiteRunner.java:450)
at org.testng.SuiteRunner.privateRun(SuiteRunner.java:415)
at org.testng.SuiteRunner.run(SuiteRunner.java:364)
at org.testng.SuiteRunnerWorker.runSuite(SuiteRunnerWorker.java:52)
at org.testng.SuiteRunnerWorker.run(SuiteRunnerWorker.java:84)
at org.testng.TestNG.runSuitesSequentially(TestNG.java:1208)
at org.testng.TestNG.runSuitesLocally(TestNG.java:1137)
at org.testng.TestNG.runSuites(TestNG.java:1049)
at org.testng.TestNG.run(TestNG.java:1017)
at org.apache.maven.surefire.testng.TestNGExecutor.run(TestNGExecutor.java:77)
at org.apache.maven.surefire.testng.TestNGDirectoryTestSuite.executeMulti(TestNGDirectoryTestSuite.java:159)
at org.apache.maven.surefire.testng.TestNGDirectoryTestSuite.execute(TestNGDirectoryTestSuite.java:99)
at org.apache.maven.surefire.testng.TestNGProvider.invoke(TestNGProvider.java:106)
at sun.reflect.NativeMethodAccessorImpl.invoke0(Native Method)
at sun.reflect.NativeMethodAccessorImpl.invoke(NativeMethodAccessorImpl.java:62)
at sun.reflect.DelegatingMethodAccessorImpl.invoke(DelegatingMethodAccessorImpl.java:43)
at java.lang.reflect.Method.invoke(Method.java:498)
at org.apache.maven.surefire.util.ReflectionUtils.invokeMethodWithArray(ReflectionUtils.java:189)
at org.apache.maven.surefire.booter.ProviderFactory$ProviderProxy.invoke(ProviderFactory.java:165)
at org.apache.maven.surefire.booter.ProviderFactory.invokeProvider(ProviderFactory.java:85)
at org.apache.maven.surefire.booter.ForkedBooter.runSuitesInProcess(ForkedBooter.java:115)
at org.apache.maven.surefire.booter.ForkedBooter.main(ForkedBooter.java:75)
]]>
            </full-stacktrace>
          </exception> <!-- org.openqa.selenium.NoSuchElementException -->
          <reporter-output>
          </reporter-output>
        </test-method> <!-- ViewWalletsAndCards -->
        <test-method status="PASS" signature="report(org.testng.ITestResult)[pri:0, instance:com.redbus.tests.LoginTest@6767c1fc]" name="report" is-config="true" duration-ms="1854" started-at="2021-07-04T20:08:27Z" finished-at="2021-07-04T20:08:28Z">
          <params>
            <param index="0">
              <value>
                <![CDATA[[TestResult name=ViewWalletsAndCards status=FAILURE method=LoginTest.ViewWalletsAndCards()[pri:0, instance:com.redbus.tests.LoginTest@6767c1fc] output={null}]]]>
              </value>
            </param>
          </params>
          <reporter-output>
          </reporter-output>
        </test-method> <!-- report -->
        <test-method status="PASS" signature="closeBrowser()[pri:0, instance:com.redbus.tests.LoginTest@6767c1fc]" name="closeBrowser" is-config="true" duration-ms="83" started-at="2021-07-04T20:08:28Z" depends-on-methods="com.redbus.tests.BaseTest.report" finished-at="2021-07-04T20:08:29Z">
          <reporter-output>
          </reporter-output>
        </test-method> <!-- closeBrowser -->
      </class> <!-- com.redbus.tests.LoginTest -->
      <class name="com.redbus.tests.BusHireTest">
        <test-method status="PASS" signature="Initialize()[pri:0, instance:com.redbus.tests.BusHireTest@39aeed2f]" name="Initialize" is-config="true" duration-ms="3601" started-at="2021-07-04T20:01:15Z" finished-at="2021-07-04T20:01:18Z">
          <reporter-output>
          </reporter-output>
        </test-method> <!-- Initialize -->
        <test-method status="PASS" signature="openBrowser()[pri:0, instance:com.redbus.tests.BusHireTest@39aeed2f]" name="openBrowser" is-config="true" duration-ms="6581" started-at="2021-07-04T20:01:18Z" finished-at="2021-07-04T20:01:25Z">
          <reporter-output>
          </reporter-output>
        </test-method> <!-- openBrowser -->
        <test-method status="PASS" signature="car_hire()[pri:0, instance:com.redbus.tests.BusHireTest@39aeed2f]" name="car_hire" duration-ms="17360" started-at="2021-07-04T20:01:25Z" finished-at="2021-07-04T20:01:42Z">
          <reporter-output>
          </reporter-output>
        </test-method> <!-- car_hire -->
        <test-method status="PASS" signature="report(org.testng.ITestResult)[pri:0, instance:com.redbus.tests.BusHireTest@39aeed2f]" name="report" is-config="true" duration-ms="12" started-at="2021-07-04T20:01:42Z" finished-at="2021-07-04T20:01:42Z">
          <params>
            <param index="0">
              <value>
                <![CDATA[[TestResult name=car_hire status=SUCCESS method=BusHireTest.car_hire()[pri:0, instance:com.redbus.tests.BusHireTest@39aeed2f] output={null}]]]>
              </value>
            </param>
          </params>
          <reporter-output>
          </reporter-output>
        </test-method> <!-- report -->
        <test-method status="PASS" signature="closeBrowser()[pri:0, instance:com.redbus.tests.BusHireTest@39aeed2f]" name="closeBrowser" is-config="true" duration-ms="113" started-at="2021-07-04T20:01:42Z" depends-on-methods="com.redbus.tests.BaseTest.report" finished-at="2021-07-04T20:01:42Z">
          <reporter-output>
          </reporter-output>
        </test-method> <!-- closeBrowser -->
        <test-method status="PASS" signature="Initialize()[pri:0, instance:com.redbus.tests.BusHireTest@39aeed2f]" name="Initialize" is-config="true" duration-ms="784" started-at="2021-07-04T20:01:42Z" finished-at="2021-07-04T20:01:43Z">
          <reporter-output>
          </reporter-output>
        </test-method> <!-- Initialize -->
        <test-method status="PASS" signature="openBrowser()[pri:0, instance:com.redbus.tests.BusHireTest@39aeed2f]" name="openBrowser" is-config="true" duration-ms="4322" started-at="2021-07-04T20:01:43Z" finished-at="2021-07-04T20:01:48Z">
          <reporter-output>
          </reporter-output>
        </test-method> <!-- openBrowser -->
        <test-method status="FAIL" signature="hireVehicle_Outstation()[pri:0, instance:com.redbus.tests.BusHireTest@39aeed2f]" name="hireVehicle_Outstation" duration-ms="25418" started-at="2021-07-04T20:01:48Z" finished-at="2021-07-04T20:02:13Z">
          <exception class="org.openqa.selenium.NoSuchElementException">
            <message>
              <![CDATA[no such element: Unable to locate element: {"method":"xpath","selector":"//body/div[5]/div[3]/div[1]/div[1]/div[1]/div[3]/div[2]/div[1]/div[5]/div[4]/button[1]/span[1]/p[1]"}
  (Session info: headless chrome=91.0.4472.77)
For documentation on this error, please visit: https://www.seleniumhq.org/exceptions/no_such_element.html
Build info: version: '3.141.59', revision: 'e82be7d358', time: '2018-11-14T08:17:03'
System info: host: 'RITIKAJAIN', ip: '172.24.176.1', os.name: 'Windows 10', os.arch: 'amd64', os.version: '10.0', java.version: '1.8.0_281'
Driver info: org.openqa.selenium.remote.RemoteWebDriver
Capabilities {acceptInsecureCerts: false, browserName: chrome, browserVersion: 91.0.4472.77, chrome: {chromedriverVersion: 91.0.4472.19 (1bf021f248676..., userDataDir: /tmp/.com.google.Chrome.7EQKU0}, goog:chromeOptions: {debuggerAddress: localhost:42849}, javascriptEnabled: true, networkConnectionEnabled: false, pageLoadStrategy: normal, platform: LINUX, platformName: LINUX, proxy: Proxy(), setWindowRect: true, strictFileInteractability: false, timeouts: {implicit: 0, pageLoad: 300000, script: 30000}, unhandledPromptBehavior: dismiss and notify, webauthn:extension:largeBlob: true, webauthn:virtualAuthenticators: true, webdriver.remote.sessionid: 4290b25d16104a7864b8952d9c1...}
Session ID: 4290b25d16104a7864b8952d9c1cf3ce
*** Element info: {Using=xpath, value=//body/div[5]/div[3]/div[1]/div[1]/div[1]/div[3]/div[2]/div[1]/div[5]/div[4]/button[1]/span[1]/p[1]}]]>
            </message>
            <full-stacktrace>
              <![CDATA[org.openqa.selenium.NoSuchElementException: no such element: Unable to locate element: {"method":"xpath","selector":"//body/div[5]/div[3]/div[1]/div[1]/div[1]/div[3]/div[2]/div[1]/div[5]/div[4]/button[1]/span[1]/p[1]"}
  (Session info: headless chrome=91.0.4472.77)
For documentation on this error, please visit: https://www.seleniumhq.org/exceptions/no_such_element.html
Build info: version: '3.141.59', revision: 'e82be7d358', time: '2018-11-14T08:17:03'
System info: host: 'RITIKAJAIN', ip: '172.24.176.1', os.name: 'Windows 10', os.arch: 'amd64', os.version: '10.0', java.version: '1.8.0_281'
Driver info: org.openqa.selenium.remote.RemoteWebDriver
Capabilities {acceptInsecureCerts: false, browserName: chrome, browserVersion: 91.0.4472.77, chrome: {chromedriverVersion: 91.0.4472.19 (1bf021f248676..., userDataDir: /tmp/.com.google.Chrome.7EQKU0}, goog:chromeOptions: {debuggerAddress: localhost:42849}, javascriptEnabled: true, networkConnectionEnabled: false, pageLoadStrategy: normal, platform: LINUX, platformName: LINUX, proxy: Proxy(), setWindowRect: true, strictFileInteractability: false, timeouts: {implicit: 0, pageLoad: 300000, script: 30000}, unhandledPromptBehavior: dismiss and notify, webauthn:extension:largeBlob: true, webauthn:virtualAuthenticators: true, webdriver.remote.sessionid: 4290b25d16104a7864b8952d9c1...}
Session ID: 4290b25d16104a7864b8952d9c1cf3ce
*** Element info: {Using=xpath, value=//body/div[5]/div[3]/div[1]/div[1]/div[1]/div[3]/div[2]/div[1]/div[5]/div[4]/button[1]/span[1]/p[1]}
at sun.reflect.NativeConstructorAccessorImpl.newInstance0(Native Method)
at sun.reflect.NativeConstructorAccessorImpl.newInstance(NativeConstructorAccessorImpl.java:62)
at sun.reflect.DelegatingConstructorAccessorImpl.newInstance(DelegatingConstructorAccessorImpl.java:45)
at java.lang.reflect.Constructor.newInstance(Constructor.java:423)
at org.openqa.selenium.remote.http.W3CHttpResponseCodec.createException(W3CHttpResponseCodec.java:187)
at org.openqa.selenium.remote.http.W3CHttpResponseCodec.decode(W3CHttpResponseCodec.java:122)
at org.openqa.selenium.remote.http.W3CHttpResponseCodec.decode(W3CHttpResponseCodec.java:49)
at org.openqa.selenium.remote.HttpCommandExecutor.execute(HttpCommandExecutor.java:158)
at org.openqa.selenium.remote.RemoteWebDriver.execute(RemoteWebDriver.java:552)
at org.openqa.selenium.remote.RemoteWebDriver.findElement(RemoteWebDriver.java:323)
at org.openqa.selenium.remote.RemoteWebDriver.findElementByXPath(RemoteWebDriver.java:428)
at org.openqa.selenium.By$ByXPath.findElement(By.java:353)
at org.openqa.selenium.remote.RemoteWebDriver.findElement(RemoteWebDriver.java:315)
at org.openqa.selenium.support.pagefactory.DefaultElementLocator.findElement(DefaultElementLocator.java:69)
at org.openqa.selenium.support.pagefactory.internal.LocatingElementHandler.invoke(LocatingElementHandler.java:38)
at com.sun.proxy.$Proxy9.click(Unknown Source)
at com.redbus.pages.BusHirePage.fromslctdate_click(BusHirePage.java:172)
at com.redbus.tests.BusHireTest.hireVehicle_Outstation(BusHireTest.java:114)
at sun.reflect.NativeMethodAccessorImpl.invoke0(Native Method)
at sun.reflect.NativeMethodAccessorImpl.invoke(NativeMethodAccessorImpl.java:62)
at sun.reflect.DelegatingMethodAccessorImpl.invoke(DelegatingMethodAccessorImpl.java:43)
at java.lang.reflect.Method.invoke(Method.java:498)
at org.testng.internal.MethodInvocationHelper.invokeMethod(MethodInvocationHelper.java:124)
at org.testng.internal.Invoker.invokeMethod(Invoker.java:583)
at org.testng.internal.Invoker.invokeTestMethod(Invoker.java:719)
at org.testng.internal.Invoker.invokeTestMethods(Invoker.java:989)
at org.testng.internal.TestMethodWorker.invokeTestMethods(TestMethodWorker.java:125)
at org.testng.internal.TestMethodWorker.run(TestMethodWorker.java:109)
at org.testng.TestRunner.privateRun(TestRunner.java:648)
at org.testng.TestRunner.run(TestRunner.java:505)
at org.testng.SuiteRunner.runTest(SuiteRunner.java:455)
at org.testng.SuiteRunner.runSequentially(SuiteRunner.java:450)
at org.testng.SuiteRunner.privateRun(SuiteRunner.java:415)
at org.testng.SuiteRunner.run(SuiteRunner.java:364)
at org.testng.SuiteRunnerWorker.runSuite(SuiteRunnerWorker.java:52)
at org.testng.SuiteRunnerWorker.run(SuiteRunnerWorker.java:84)
at org.testng.TestNG.runSuitesSequentially(TestNG.java:1208)
at org.testng.TestNG.runSuitesLocally(TestNG.java:1137)
at org.testng.TestNG.runSuites(TestNG.java:1049)
at org.testng.TestNG.run(TestNG.java:1017)
at org.apache.maven.surefire.testng.TestNGExecutor.run(TestNGExecutor.java:77)
at org.apache.maven.surefire.testng.TestNGDirectoryTestSuite.executeMulti(TestNGDirectoryTestSuite.java:159)
at org.apache.maven.surefire.testng.TestNGDirectoryTestSuite.execute(TestNGDirectoryTestSuite.java:99)
at org.apache.maven.surefire.testng.TestNGProvider.invoke(TestNGProvider.java:106)
at sun.reflect.NativeMethodAccessorImpl.invoke0(Native Method)
at sun.reflect.NativeMethodAccessorImpl.invoke(NativeMethodAccessorImpl.java:62)
at sun.reflect.DelegatingMethodAccessorImpl.invoke(DelegatingMethodAccessorImpl.java:43)
at java.lang.reflect.Method.invoke(Method.java:498)
at org.apache.maven.surefire.util.ReflectionUtils.invokeMethodWithArray(ReflectionUtils.java:189)
at org.apache.maven.surefire.booter.ProviderFactory$ProviderProxy.invoke(ProviderFactory.java:165)
at org.apache.maven.surefire.booter.ProviderFactory.invokeProvider(ProviderFactory.java:85)
at org.apache.maven.surefire.booter.ForkedBooter.runSuitesInProcess(ForkedBooter.java:115)
at org.apache.maven.surefire.booter.ForkedBooter.main(ForkedBooter.java:75)
]]>
            </full-stacktrace>
          </exception> <!-- org.openqa.selenium.NoSuchElementException -->
          <reporter-output>
          </reporter-output>
        </test-method> <!-- hireVehicle_Outstation -->
        <test-method status="PASS" signature="report(org.testng.ITestResult)[pri:0, instance:com.redbus.tests.BusHireTest@39aeed2f]" name="report" is-config="true" duration-ms="1780" started-at="2021-07-04T20:02:13Z" finished-at="2021-07-04T20:02:15Z">
          <params>
            <param index="0">
              <value>
                <![CDATA[[TestResult name=hireVehicle_Outstation status=FAILURE method=BusHireTest.hireVehicle_Outstation()[pri:0, instance:com.redbus.tests.BusHireTest@39aeed2f] output={null}]]]>
              </value>
            </param>
          </params>
          <reporter-output>
          </reporter-output>
        </test-method> <!-- report -->
        <test-method status="PASS" signature="closeBrowser()[pri:0, instance:com.redbus.tests.BusHireTest@39aeed2f]" name="closeBrowser" is-config="true" duration-ms="79" started-at="2021-07-04T20:02:15Z" depends-on-methods="com.redbus.tests.BaseTest.report" finished-at="2021-07-04T20:02:15Z">
          <reporter-output>
          </reporter-output>
        </test-method> <!-- closeBrowser -->
        <test-method status="PASS" signature="Initialize()[pri:0, instance:com.redbus.tests.BusHireTest@39aeed2f]" name="Initialize" is-config="true" duration-ms="498" started-at="2021-07-04T20:02:15Z" finished-at="2021-07-04T20:02:15Z">
          <reporter-output>
          </reporter-output>
        </test-method> <!-- Initialize -->
        <test-method status="PASS" signature="openBrowser()[pri:0, instance:com.redbus.tests.BusHireTest@39aeed2f]" name="openBrowser" is-config="true" duration-ms="7171" started-at="2021-07-04T20:02:15Z" finished-at="2021-07-04T20:02:23Z">
          <reporter-output>
          </reporter-output>
        </test-method> <!-- openBrowser -->
        <test-method status="PASS" signature="managebooking_cancel()[pri:0, instance:com.redbus.tests.BusHireTest@39aeed2f]" name="managebooking_cancel" duration-ms="9820" started-at="2021-07-04T20:02:23Z" finished-at="2021-07-04T20:02:32Z">
          <reporter-output>
          </reporter-output>
        </test-method> <!-- managebooking_cancel -->
        <test-method status="PASS" signature="report(org.testng.ITestResult)[pri:0, instance:com.redbus.tests.BusHireTest@39aeed2f]" name="report" is-config="true" duration-ms="1" started-at="2021-07-04T20:02:32Z" finished-at="2021-07-04T20:02:32Z">
          <params>
            <param index="0">
              <value>
                <![CDATA[[TestResult name=managebooking_cancel status=SUCCESS method=BusHireTest.managebooking_cancel()[pri:0, instance:com.redbus.tests.BusHireTest@39aeed2f] output={null}]]]>
              </value>
            </param>
          </params>
          <reporter-output>
          </reporter-output>
        </test-method> <!-- report -->
        <test-method status="PASS" signature="closeBrowser()[pri:0, instance:com.redbus.tests.BusHireTest@39aeed2f]" name="closeBrowser" is-config="true" duration-ms="122" started-at="2021-07-04T20:02:32Z" depends-on-methods="com.redbus.tests.BaseTest.report" finished-at="2021-07-04T20:02:32Z">
          <reporter-output>
          </reporter-output>
        </test-method> <!-- closeBrowser -->
        <test-method status="PASS" signature="Initialize()[pri:0, instance:com.redbus.tests.BusHireTest@39aeed2f]" name="Initialize" is-config="true" duration-ms="484" started-at="2021-07-04T20:02:32Z" finished-at="2021-07-04T20:02:33Z">
          <reporter-output>
          </reporter-output>
        </test-method> <!-- Initialize -->
        <test-method status="PASS" signature="openBrowser()[pri:0, instance:com.redbus.tests.BusHireTest@39aeed2f]" name="openBrowser" is-config="true" duration-ms="6948" started-at="2021-07-04T20:02:33Z" finished-at="2021-07-04T20:02:40Z">
          <reporter-output>
          </reporter-output>
        </test-method> <!-- openBrowser -->
        <test-method status="PASS" signature="minibuses_hire()[pri:0, instance:com.redbus.tests.BusHireTest@39aeed2f]" name="minibuses_hire" duration-ms="12738" started-at="2021-07-04T20:02:40Z" finished-at="2021-07-04T20:02:53Z">
          <reporter-output>
          </reporter-output>
        </test-method> <!-- minibuses_hire -->
        <test-method status="PASS" signature="report(org.testng.ITestResult)[pri:0, instance:com.redbus.tests.BusHireTest@39aeed2f]" name="report" is-config="true" duration-ms="4" started-at="2021-07-04T20:02:53Z" finished-at="2021-07-04T20:02:53Z">
          <params>
            <param index="0">
              <value>
                <![CDATA[[TestResult name=minibuses_hire status=SUCCESS method=BusHireTest.minibuses_hire()[pri:0, instance:com.redbus.tests.BusHireTest@39aeed2f] output={null}]]]>
              </value>
            </param>
          </params>
          <reporter-output>
          </reporter-output>
        </test-method> <!-- report -->
        <test-method status="PASS" signature="closeBrowser()[pri:0, instance:com.redbus.tests.BusHireTest@39aeed2f]" name="closeBrowser" is-config="true" duration-ms="91" started-at="2021-07-04T20:02:53Z" depends-on-methods="com.redbus.tests.BaseTest.report" finished-at="2021-07-04T20:02:53Z">
          <reporter-output>
          </reporter-output>
        </test-method> <!-- closeBrowser -->
        <test-method status="PASS" signature="Initialize()[pri:0, instance:com.redbus.tests.BusHireTest@39aeed2f]" name="Initialize" is-config="true" duration-ms="760" started-at="2021-07-04T20:02:53Z" finished-at="2021-07-04T20:02:54Z">
          <reporter-output>
          </reporter-output>
        </test-method> <!-- Initialize -->
        <test-method status="PASS" signature="openBrowser()[pri:0, instance:com.redbus.tests.BusHireTest@39aeed2f]" name="openBrowser" is-config="true" duration-ms="5261" started-at="2021-07-04T20:02:54Z" finished-at="2021-07-04T20:02:59Z">
          <reporter-output>
          </reporter-output>
        </test-method> <!-- openBrowser -->
        <test-method status="PASS" signature="offers()[pri:0, instance:com.redbus.tests.BusHireTest@39aeed2f]" name="offers" duration-ms="10448" started-at="2021-07-04T20:02:59Z" finished-at="2021-07-04T20:03:09Z">
          <reporter-output>
          </reporter-output>
        </test-method> <!-- offers -->
        <test-method status="PASS" signature="report(org.testng.ITestResult)[pri:0, instance:com.redbus.tests.BusHireTest@39aeed2f]" name="report" is-config="true" duration-ms="1" started-at="2021-07-04T20:03:09Z" finished-at="2021-07-04T20:03:09Z">
          <params>
            <param index="0">
              <value>
                <![CDATA[[TestResult name=offers status=SUCCESS method=BusHireTest.offers()[pri:0, instance:com.redbus.tests.BusHireTest@39aeed2f] output={null}]]]>
              </value>
            </param>
          </params>
          <reporter-output>
          </reporter-output>
        </test-method> <!-- report -->
        <test-method status="PASS" signature="closeBrowser()[pri:0, instance:com.redbus.tests.BusHireTest@39aeed2f]" name="closeBrowser" is-config="true" duration-ms="96" started-at="2021-07-04T20:03:09Z" depends-on-methods="com.redbus.tests.BaseTest.report" finished-at="2021-07-04T20:03:09Z">
          <reporter-output>
          </reporter-output>
        </test-method> <!-- closeBrowser -->
        <test-method status="PASS" signature="Initialize()[pri:0, instance:com.redbus.tests.BusHireTest@39aeed2f]" name="Initialize" is-config="true" duration-ms="744" started-at="2021-07-04T20:03:09Z" finished-at="2021-07-04T20:03:10Z">
          <reporter-output>
          </reporter-output>
        </test-method> <!-- Initialize -->
        <test-method status="PASS" signature="openBrowser()[pri:0, instance:com.redbus.tests.BusHireTest@39aeed2f]" name="openBrowser" is-config="true" duration-ms="5203" started-at="2021-07-04T20:03:10Z" finished-at="2021-07-04T20:03:15Z">
          <reporter-output>
          </reporter-output>
        </test-method> <!-- openBrowser -->
        <test-method status="PASS" signature="tempotraveller_hire()[pri:0, instance:com.redbus.tests.BusHireTest@39aeed2f]" name="tempotraveller_hire" duration-ms="13375" started-at="2021-07-04T20:03:15Z" finished-at="2021-07-04T20:03:29Z">
          <reporter-output>
          </reporter-output>
        </test-method> <!-- tempotraveller_hire -->
        <test-method status="PASS" signature="report(org.testng.ITestResult)[pri:0, instance:com.redbus.tests.BusHireTest@39aeed2f]" name="report" is-config="true" duration-ms="1" started-at="2021-07-04T20:03:29Z" finished-at="2021-07-04T20:03:29Z">
          <params>
            <param index="0">
              <value>
                <![CDATA[[TestResult name=tempotraveller_hire status=SUCCESS method=BusHireTest.tempotraveller_hire()[pri:0, instance:com.redbus.tests.BusHireTest@39aeed2f] output={null}]]]>
              </value>
            </param>
          </params>
          <reporter-output>
          </reporter-output>
        </test-method> <!-- report -->
        <test-method status="PASS" signature="closeBrowser()[pri:0, instance:com.redbus.tests.BusHireTest@39aeed2f]" name="closeBrowser" is-config="true" duration-ms="79" started-at="2021-07-04T20:03:29Z" depends-on-methods="com.redbus.tests.BaseTest.report" finished-at="2021-07-04T20:03:29Z">
          <reporter-output>
          </reporter-output>
        </test-method> <!-- closeBrowser -->
      </class> <!-- com.redbus.tests.BusHireTest -->
      <class name="com.redbus.tests.HomePageFunctionalityTest">
        <test-method status="PASS" signature="Initialize()[pri:0, instance:com.redbus.tests.HomePageFunctionalityTest@4678c730]" name="Initialize" is-config="true" duration-ms="647" started-at="2021-07-04T20:03:50Z" finished-at="2021-07-04T20:03:51Z">
          <reporter-output>
          </reporter-output>
        </test-method> <!-- Initialize -->
        <test-method status="PASS" signature="openBrowser()[pri:0, instance:com.redbus.tests.HomePageFunctionalityTest@4678c730]" name="openBrowser" is-config="true" duration-ms="4323" started-at="2021-07-04T20:03:51Z" finished-at="2021-07-04T20:03:55Z">
          <reporter-output>
          </reporter-output>
        </test-method> <!-- openBrowser -->
        <test-method status="PASS" signature="Help()[pri:0, instance:com.redbus.tests.HomePageFunctionalityTest@4678c730]" name="Help" duration-ms="10665" started-at="2021-07-04T20:03:55Z" finished-at="2021-07-04T20:04:06Z">
          <reporter-output>
          </reporter-output>
        </test-method> <!-- Help -->
        <test-method status="PASS" signature="report(org.testng.ITestResult)[pri:0, instance:com.redbus.tests.HomePageFunctionalityTest@4678c730]" name="report" is-config="true" duration-ms="0" started-at="2021-07-04T20:04:06Z" finished-at="2021-07-04T20:04:06Z">
          <params>
            <param index="0">
              <value>
                <![CDATA[[TestResult name=Help status=SUCCESS method=HomePageFunctionalityTest.Help()[pri:0, instance:com.redbus.tests.HomePageFunctionalityTest@4678c730] output={null}]]]>
              </value>
            </param>
          </params>
          <reporter-output>
          </reporter-output>
        </test-method> <!-- report -->
        <test-method status="PASS" signature="closeBrowser()[pri:0, instance:com.redbus.tests.HomePageFunctionalityTest@4678c730]" name="closeBrowser" is-config="true" duration-ms="85" started-at="2021-07-04T20:04:06Z" depends-on-methods="com.redbus.tests.BaseTest.report" finished-at="2021-07-04T20:04:06Z">
          <reporter-output>
          </reporter-output>
        </test-method> <!-- closeBrowser -->
        <test-method status="PASS" signature="Initialize()[pri:0, instance:com.redbus.tests.HomePageFunctionalityTest@4678c730]" name="Initialize" is-config="true" duration-ms="417" started-at="2021-07-04T20:04:06Z" finished-at="2021-07-04T20:04:06Z">
          <reporter-output>
          </reporter-output>
        </test-method> <!-- Initialize -->
        <test-method status="PASS" signature="openBrowser()[pri:0, instance:com.redbus.tests.HomePageFunctionalityTest@4678c730]" name="openBrowser" is-config="true" duration-ms="5440" started-at="2021-07-04T20:04:06Z" finished-at="2021-07-04T20:04:12Z">
          <reporter-output>
          </reporter-output>
        </test-method> <!-- openBrowser -->
        <test-method status="PASS" signature="amazonOffer()[pri:0, instance:com.redbus.tests.HomePageFunctionalityTest@4678c730]" name="amazonOffer" duration-ms="8688" started-at="2021-07-04T20:04:12Z" finished-at="2021-07-04T20:04:20Z">
          <reporter-output>
          </reporter-output>
        </test-method> <!-- amazonOffer -->
        <test-method status="PASS" signature="report(org.testng.ITestResult)[pri:0, instance:com.redbus.tests.HomePageFunctionalityTest@4678c730]" name="report" is-config="true" duration-ms="1" started-at="2021-07-04T20:04:20Z" finished-at="2021-07-04T20:04:20Z">
          <params>
            <param index="0">
              <value>
                <![CDATA[[TestResult name=amazonOffer status=SUCCESS method=HomePageFunctionalityTest.amazonOffer()[pri:0, instance:com.redbus.tests.HomePageFunctionalityTest@4678c730] output={null}]]]>
              </value>
            </param>
          </params>
          <reporter-output>
          </reporter-output>
        </test-method> <!-- report -->
        <test-method status="PASS" signature="closeBrowser()[pri:0, instance:com.redbus.tests.HomePageFunctionalityTest@4678c730]" name="closeBrowser" is-config="true" duration-ms="75" started-at="2021-07-04T20:04:20Z" depends-on-methods="com.redbus.tests.BaseTest.report" finished-at="2021-07-04T20:04:20Z">
          <reporter-output>
          </reporter-output>
        </test-method> <!-- closeBrowser -->
        <test-method status="PASS" signature="Initialize()[pri:0, instance:com.redbus.tests.HomePageFunctionalityTest@4678c730]" name="Initialize" is-config="true" duration-ms="414" started-at="2021-07-04T20:04:20Z" finished-at="2021-07-04T20:04:21Z">
          <reporter-output>
          </reporter-output>
        </test-method> <!-- Initialize -->
        <test-method status="PASS" signature="openBrowser()[pri:0, instance:com.redbus.tests.HomePageFunctionalityTest@4678c730]" name="openBrowser" is-config="true" duration-ms="5636" started-at="2021-07-04T20:04:21Z" finished-at="2021-07-04T20:04:26Z">
          <reporter-output>
          </reporter-output>
        </test-method> <!-- openBrowser -->
        <test-method status="PASS" signature="cancelMyTicket()[pri:0, instance:com.redbus.tests.HomePageFunctionalityTest@4678c730]" name="cancelMyTicket" duration-ms="6592" started-at="2021-07-04T20:04:26Z" finished-at="2021-07-04T20:04:33Z">
          <reporter-output>
          </reporter-output>
        </test-method> <!-- cancelMyTicket -->
        <test-method status="PASS" signature="report(org.testng.ITestResult)[pri:0, instance:com.redbus.tests.HomePageFunctionalityTest@4678c730]" name="report" is-config="true" duration-ms="1" started-at="2021-07-04T20:04:33Z" finished-at="2021-07-04T20:04:33Z">
          <params>
            <param index="0">
              <value>
                <![CDATA[[TestResult name=cancelMyTicket status=SUCCESS method=HomePageFunctionalityTest.cancelMyTicket()[pri:0, instance:com.redbus.tests.HomePageFunctionalityTest@4678c730] output={null}]]]>
              </value>
            </param>
          </params>
          <reporter-output>
          </reporter-output>
        </test-method> <!-- report -->
        <test-method status="PASS" signature="closeBrowser()[pri:0, instance:com.redbus.tests.HomePageFunctionalityTest@4678c730]" name="closeBrowser" is-config="true" duration-ms="94" started-at="2021-07-04T20:04:33Z" depends-on-methods="com.redbus.tests.BaseTest.report" finished-at="2021-07-04T20:04:33Z">
          <reporter-output>
          </reporter-output>
        </test-method> <!-- closeBrowser -->
        <test-method status="PASS" signature="Initialize()[pri:0, instance:com.redbus.tests.HomePageFunctionalityTest@4678c730]" name="Initialize" is-config="true" duration-ms="654" started-at="2021-07-04T20:04:33Z" finished-at="2021-07-04T20:04:34Z">
          <reporter-output>
          </reporter-output>
        </test-method> <!-- Initialize -->
        <test-method status="PASS" signature="openBrowser()[pri:0, instance:com.redbus.tests.HomePageFunctionalityTest@4678c730]" name="openBrowser" is-config="true" duration-ms="4290" started-at="2021-07-04T20:04:34Z" finished-at="2021-07-04T20:04:38Z">
          <reporter-output>
          </reporter-output>
        </test-method> <!-- openBrowser -->
        <test-method status="PASS" signature="journeyForDreams()[pri:0, instance:com.redbus.tests.HomePageFunctionalityTest@4678c730]" name="journeyForDreams" duration-ms="2117" started-at="2021-07-04T20:04:38Z" finished-at="2021-07-04T20:04:40Z">
          <reporter-output>
          </reporter-output>
        </test-method> <!-- journeyForDreams -->
        <test-method status="PASS" signature="report(org.testng.ITestResult)[pri:0, instance:com.redbus.tests.HomePageFunctionalityTest@4678c730]" name="report" is-config="true" duration-ms="0" started-at="2021-07-04T20:04:40Z" finished-at="2021-07-04T20:04:40Z">
          <params>
            <param index="0">
              <value>
                <![CDATA[[TestResult name=journeyForDreams status=SUCCESS method=HomePageFunctionalityTest.journeyForDreams()[pri:0, instance:com.redbus.tests.HomePageFunctionalityTest@4678c730] output={null}]]]>
              </value>
            </param>
          </params>
          <reporter-output>
          </reporter-output>
        </test-method> <!-- report -->
        <test-method status="PASS" signature="closeBrowser()[pri:0, instance:com.redbus.tests.HomePageFunctionalityTest@4678c730]" name="closeBrowser" is-config="true" duration-ms="72" started-at="2021-07-04T20:04:40Z" depends-on-methods="com.redbus.tests.BaseTest.report" finished-at="2021-07-04T20:04:40Z">
          <reporter-output>
          </reporter-output>
        </test-method> <!-- closeBrowser -->
        <test-method status="PASS" signature="Initialize()[pri:0, instance:com.redbus.tests.HomePageFunctionalityTest@4678c730]" name="Initialize" is-config="true" duration-ms="595" started-at="2021-07-04T20:04:40Z" finished-at="2021-07-04T20:04:41Z">
          <reporter-output>
          </reporter-output>
        </test-method> <!-- Initialize -->
        <test-method status="PASS" signature="openBrowser()[pri:0, instance:com.redbus.tests.HomePageFunctionalityTest@4678c730]" name="openBrowser" is-config="true" duration-ms="5500" started-at="2021-07-04T20:04:41Z" finished-at="2021-07-04T20:04:46Z">
          <reporter-output>
          </reporter-output>
        </test-method> <!-- openBrowser -->
        <test-method status="PASS" signature="redbusCares()[pri:0, instance:com.redbus.tests.HomePageFunctionalityTest@4678c730]" name="redbusCares" duration-ms="8454" started-at="2021-07-04T20:04:46Z" finished-at="2021-07-04T20:04:55Z">
          <reporter-output>
          </reporter-output>
        </test-method> <!-- redbusCares -->
        <test-method status="PASS" signature="report(org.testng.ITestResult)[pri:0, instance:com.redbus.tests.HomePageFunctionalityTest@4678c730]" name="report" is-config="true" duration-ms="2" started-at="2021-07-04T20:04:55Z" finished-at="2021-07-04T20:04:55Z">
          <params>
            <param index="0">
              <value>
                <![CDATA[[TestResult name=redbusCares status=SUCCESS method=HomePageFunctionalityTest.redbusCares()[pri:0, instance:com.redbus.tests.HomePageFunctionalityTest@4678c730] output={null}]]]>
              </value>
            </param>
          </params>
          <reporter-output>
          </reporter-output>
        </test-method> <!-- report -->
        <test-method status="PASS" signature="closeBrowser()[pri:0, instance:com.redbus.tests.HomePageFunctionalityTest@4678c730]" name="closeBrowser" is-config="true" duration-ms="81" started-at="2021-07-04T20:04:55Z" depends-on-methods="com.redbus.tests.BaseTest.report" finished-at="2021-07-04T20:04:55Z">
          <reporter-output>
          </reporter-output>
        </test-method> <!-- closeBrowser -->
        <test-method status="PASS" signature="Initialize()[pri:0, instance:com.redbus.tests.HomePageFunctionalityTest@4678c730]" name="Initialize" is-config="true" duration-ms="459" started-at="2021-07-04T20:04:55Z" finished-at="2021-07-04T20:04:55Z">
          <reporter-output>
          </reporter-output>
        </test-method> <!-- Initialize -->
        <test-method status="PASS" signature="openBrowser()[pri:0, instance:com.redbus.tests.HomePageFunctionalityTest@4678c730]" name="openBrowser" is-config="true" duration-ms="12158" started-at="2021-07-04T20:04:55Z" finished-at="2021-07-04T20:05:07Z">
          <reporter-output>
          </reporter-output>
        </test-method> <!-- openBrowser -->
        <test-method status="PASS" signature="searchBuses()[pri:0, instance:com.redbus.tests.HomePageFunctionalityTest@4678c730]" name="searchBuses" duration-ms="6965" started-at="2021-07-04T20:05:07Z" finished-at="2021-07-04T20:05:14Z">
          <reporter-output>
          </reporter-output>
        </test-method> <!-- searchBuses -->
        <test-method status="PASS" signature="report(org.testng.ITestResult)[pri:0, instance:com.redbus.tests.HomePageFunctionalityTest@4678c730]" name="report" is-config="true" duration-ms="1" started-at="2021-07-04T20:05:14Z" finished-at="2021-07-04T20:05:14Z">
          <params>
            <param index="0">
              <value>
                <![CDATA[[TestResult name=searchBuses status=SUCCESS method=HomePageFunctionalityTest.searchBuses()[pri:0, instance:com.redbus.tests.HomePageFunctionalityTest@4678c730] output={null}]]]>
              </value>
            </param>
          </params>
          <reporter-output>
          </reporter-output>
        </test-method> <!-- report -->
        <test-method status="PASS" signature="closeBrowser()[pri:0, instance:com.redbus.tests.HomePageFunctionalityTest@4678c730]" name="closeBrowser" is-config="true" duration-ms="90" started-at="2021-07-04T20:05:14Z" depends-on-methods="com.redbus.tests.BaseTest.report" finished-at="2021-07-04T20:05:15Z">
          <reporter-output>
          </reporter-output>
        </test-method> <!-- closeBrowser -->
        <test-method status="PASS" signature="Initialize()[pri:0, instance:com.redbus.tests.HomePageFunctionalityTest@4678c730]" name="Initialize" is-config="true" duration-ms="807" started-at="2021-07-04T20:05:15Z" finished-at="2021-07-04T20:05:15Z">
          <reporter-output>
          </reporter-output>
        </test-method> <!-- Initialize -->
        <test-method status="PASS" signature="openBrowser()[pri:0, instance:com.redbus.tests.HomePageFunctionalityTest@4678c730]" name="openBrowser" is-config="true" duration-ms="4376" started-at="2021-07-04T20:05:15Z" finished-at="2021-07-04T20:05:20Z">
          <reporter-output>
          </reporter-output>
        </test-method> <!-- openBrowser -->
        <test-method status="PASS" signature="showMyTicket()[pri:0, instance:com.redbus.tests.HomePageFunctionalityTest@4678c730]" name="showMyTicket" duration-ms="6537" started-at="2021-07-04T20:05:20Z" finished-at="2021-07-04T20:05:26Z">
          <reporter-output>
          </reporter-output>
        </test-method> <!-- showMyTicket -->
        <test-method status="PASS" signature="report(org.testng.ITestResult)[pri:0, instance:com.redbus.tests.HomePageFunctionalityTest@4678c730]" name="report" is-config="true" duration-ms="1" started-at="2021-07-04T20:05:26Z" finished-at="2021-07-04T20:05:26Z">
          <params>
            <param index="0">
              <value>
                <![CDATA[[TestResult name=showMyTicket status=SUCCESS method=HomePageFunctionalityTest.showMyTicket()[pri:0, instance:com.redbus.tests.HomePageFunctionalityTest@4678c730] output={null}]]]>
              </value>
            </param>
          </params>
          <reporter-output>
          </reporter-output>
        </test-method> <!-- report -->
        <test-method status="PASS" signature="closeBrowser()[pri:0, instance:com.redbus.tests.HomePageFunctionalityTest@4678c730]" name="closeBrowser" is-config="true" duration-ms="80" started-at="2021-07-04T20:05:26Z" depends-on-methods="com.redbus.tests.BaseTest.report" finished-at="2021-07-04T20:05:26Z">
          <reporter-output>
          </reporter-output>
        </test-method> <!-- closeBrowser -->
        <test-method status="PASS" signature="Initialize()[pri:0, instance:com.redbus.tests.HomePageFunctionalityTest@4678c730]" name="Initialize" is-config="true" duration-ms="631" started-at="2021-07-04T20:05:26Z" finished-at="2021-07-04T20:05:27Z">
          <reporter-output>
          </reporter-output>
        </test-method> <!-- Initialize -->
        <test-method status="PASS" signature="openBrowser()[pri:0, instance:com.redbus.tests.HomePageFunctionalityTest@4678c730]" name="openBrowser" is-config="true" duration-ms="6229" started-at="2021-07-04T20:05:27Z" finished-at="2021-07-04T20:05:33Z">
          <reporter-output>
          </reporter-output>
        </test-method> <!-- openBrowser -->
        <test-method status="PASS" signature="sitelogoText()[pri:0, instance:com.redbus.tests.HomePageFunctionalityTest@4678c730]" name="sitelogoText" duration-ms="257" started-at="2021-07-04T20:05:33Z" finished-at="2021-07-04T20:05:33Z">
          <reporter-output>
          </reporter-output>
        </test-method> <!-- sitelogoText -->
        <test-method status="PASS" signature="report(org.testng.ITestResult)[pri:0, instance:com.redbus.tests.HomePageFunctionalityTest@4678c730]" name="report" is-config="true" duration-ms="1" started-at="2021-07-04T20:05:33Z" finished-at="2021-07-04T20:05:33Z">
          <params>
            <param index="0">
              <value>
                <![CDATA[[TestResult name=sitelogoText status=SUCCESS method=HomePageFunctionalityTest.sitelogoText()[pri:0, instance:com.redbus.tests.HomePageFunctionalityTest@4678c730] output={null}]]]>
              </value>
            </param>
          </params>
          <reporter-output>
          </reporter-output>
        </test-method> <!-- report -->
        <test-method status="PASS" signature="closeBrowser()[pri:0, instance:com.redbus.tests.HomePageFunctionalityTest@4678c730]" name="closeBrowser" is-config="true" duration-ms="83" started-at="2021-07-04T20:05:33Z" depends-on-methods="com.redbus.tests.BaseTest.report" finished-at="2021-07-04T20:05:34Z">
          <reporter-output>
          </reporter-output>
        </test-method> <!-- closeBrowser -->
      </class> <!-- com.redbus.tests.HomePageFunctionalityTest -->
    </test> <!-- Command line test -->
  </suite> <!-- Command line suite -->
</testng-results>
